TN:
SF:src/server.ts
FN:2,(anonymous_0)
FN:21,(anonymous_1)
FN:48,createServer
FN:76,(anonymous_3)
FN:92,(anonymous_4)
FN:106,(anonymous_5)
FN:112,(anonymous_6)
FN:119,(anonymous_7)
FN:181,(anonymous_8)
FN:220,(anonymous_9)
FN:258,(anonymous_10)
FN:270,(anonymous_11)
FN:282,(anonymous_12)
FN:294,generateRealTimeMetrics
FNF:14
FNH:0
FNDA:0,(anonymous_0)
FNDA:0,(anonymous_1)
FNDA:0,createServer
FNDA:0,(anonymous_3)
FNDA:0,(anonymous_4)
FNDA:0,(anonymous_5)
FNDA:0,(anonymous_6)
FNDA:0,(anonymous_7)
FNDA:0,(anonymous_8)
FNDA:0,(anonymous_9)
FNDA:0,(anonymous_10)
FNDA:0,(anonymous_11)
FNDA:0,(anonymous_12)
FNDA:0,generateRealTimeMetrics
DA:2,0
DA:3,0
DA:5,0
DA:6,0
DA:7,0
DA:8,0
DA:9,0
DA:10,0
DA:11,0
DA:12,0
DA:13,0
DA:14,0
DA:15,0
DA:16,0
DA:17,0
DA:18,0
DA:19,0
DA:20,0
DA:21,0
DA:22,0
DA:23,0
DA:24,0
DA:26,0
DA:27,0
DA:28,0
DA:29,0
DA:30,0
DA:33,0
DA:40,0
DA:46,0
DA:49,0
DA:51,0
DA:56,0
DA:58,0
DA:59,0
DA:63,0
DA:64,0
DA:70,0
DA:72,0
DA:74,0
DA:76,0
DA:78,0
DA:86,0
DA:92,0
DA:93,0
DA:94,0
DA:95,0
DA:102,0
DA:106,0
DA:107,0
DA:108,0
DA:112,0
DA:113,0
DA:119,0
DA:120,0
DA:121,0
DA:122,0
DA:123,0
DA:125,0
DA:126,0
DA:127,0
DA:130,0
DA:133,0
DA:135,0
DA:137,0
DA:144,0
DA:173,0
DA:181,0
DA:182,0
DA:183,0
DA:184,0
DA:185,0
DA:189,0
DA:190,0
DA:195,0
DA:196,0
DA:199,0
DA:211,0
DA:214,0
DA:220,0
DA:221,0
DA:222,0
DA:223,0
DA:224,0
DA:229,0
DA:234,0
DA:248,0
DA:251,0
DA:258,0
DA:260,0
DA:261,0
DA:268,0
DA:270,0
DA:271,0
DA:272,0
DA:273,0
DA:277,0
DA:282,0
DA:283,0
DA:285,0
DA:290,0
DA:295,0
DA:296,0
DA:298,0
DA:300,0
DA:302,0
DA:304,0
DA:305,0
DA:328,0
DA:329,0
LF:110
LH:0
BRDA:2,0,0,0
BRDA:2,0,1,0
BRDA:2,0,2,0
BRDA:3,1,0,0
BRDA:3,1,1,0
BRDA:3,2,0,0
BRDA:3,2,1,0
BRDA:23,3,0,0
BRDA:23,3,1,0
BRDA:23,4,0,0
BRDA:23,4,1,0
BRDA:65,5,0,0
BRDA:65,5,1,0
BRDA:139,6,0,0
BRDA:139,6,1,0
BRDA:140,7,0,0
BRDA:140,7,1,0
BRDA:141,8,0,0
BRDA:141,8,1,0
BRDA:142,9,0,0
BRDA:142,9,1,0
BRDA:162,10,0,0
BRDA:162,10,1,0
BRDA:175,11,0,0
BRDA:175,11,1,0
BRDA:184,12,0,0
BRDA:184,12,1,0
BRDA:189,13,0,0
BRDA:189,13,1,0
BRDA:189,14,0,0
BRDA:189,14,1,0
BRDA:197,15,0,0
BRDA:197,15,1,0
BRDA:203,16,0,0
BRDA:203,16,1,0
BRDA:204,17,0,0
BRDA:204,17,1,0
BRDA:216,18,0,0
BRDA:216,18,1,0
BRDA:223,19,0,0
BRDA:223,19,1,0
BRDA:223,20,0,0
BRDA:223,20,1,0
BRDA:253,21,0,0
BRDA:253,21,1,0
BRDA:260,22,0,0
BRDA:260,22,1,0
BRDA:272,23,0,0
BRDA:272,23,1,0
BRDA:279,24,0,0
BRDA:279,24,1,0
BRDA:328,25,0,0
BRDA:328,25,1,0
BRF:53
BRH:0
end_of_record
TN:
SF:src/wall-bounce-server.ts
FN:6,(anonymous_0)
FN:37,(anonymous_1)
FN:62,executeWallBounceWithSRP
FN:86,(anonymous_3)
FN:97,(anonymous_4)
FN:110,(anonymous_5)
FN:120,(anonymous_6)
FN:145,(anonymous_7)
FN:184,(anonymous_8)
FN:221,(anonymous_9)
FN:272,(anonymous_10)
FN:304,(anonymous_11)
FN:337,(anonymous_12)
FN:391,(anonymous_13)
FN:421,(anonymous_14)
FN:434,(anonymous_15)
FN:451,(anonymous_16)
FN:462,(anonymous_17)
FN:464,(anonymous_18)
FNF:19
FNH:0
FNDA:0,(anonymous_0)
FNDA:0,(anonymous_1)
FNDA:0,executeWallBounceWithSRP
FNDA:0,(anonymous_3)
FNDA:0,(anonymous_4)
FNDA:0,(anonymous_5)
FNDA:0,(anonymous_6)
FNDA:0,(anonymous_7)
FNDA:0,(anonymous_8)
FNDA:0,(anonymous_9)
FNDA:0,(anonymous_10)
FNDA:0,(anonymous_11)
FNDA:0,(anonymous_12)
FNDA:0,(anonymous_13)
FNDA:0,(anonymous_14)
FNDA:0,(anonymous_15)
FNDA:0,(anonymous_16)
FNDA:0,(anonymous_17)
FNDA:0,(anonymous_18)
DA:6,0
DA:7,0
DA:9,0
DA:10,0
DA:12,0
DA:13,0
DA:14,0
DA:15,0
DA:16,0
DA:17,0
DA:18,0
DA:19,0
DA:20,0
DA:21,0
DA:22,0
DA:23,0
DA:24,0
DA:25,0
DA:26,0
DA:32,0
DA:36,0
DA:37,0
DA:38,0
DA:39,0
DA:41,0
DA:42,0
DA:43,0
DA:45,0
DA:46,0
DA:47,0
DA:50,0
DA:53,0
DA:55,0
DA:58,0
DA:60,0
DA:63,0
DA:64,0
DA:65,0
DA:68,0
DA:69,0
DA:75,0
DA:76,0
DA:77,0
DA:80,0
DA:84,0
DA:86,0
DA:87,0
DA:93,0
DA:97,0
DA:98,0
DA:99,0
DA:100,0
DA:101,0
DA:104,0
DA:107,0
DA:110,0
DA:111,0
DA:120,0
DA:121,0
DA:122,0
DA:134,0
DA:145,0
DA:146,0
DA:147,0
DA:148,0
DA:149,0
DA:150,0
DA:151,0
DA:152,0
DA:158,0
DA:159,0
DA:164,0
DA:171,0
DA:176,0
DA:184,0
DA:197,0
DA:198,0
DA:204,0
DA:207,0
DA:210,0
DA:221,0
DA:222,0
DA:223,0
DA:224,0
DA:225,0
DA:231,0
DA:237,0
DA:252,0
DA:259,0
DA:272,0
DA:282,0
DA:287,0
DA:290,0
DA:293,0
DA:304,0
DA:305,0
DA:306,0
DA:307,0
DA:308,0
DA:313,0
DA:319,0
DA:327,0
DA:331,0
DA:332,0
DA:333,0
DA:334,0
DA:335,0
DA:336,0
DA:337,0
DA:338,0
DA:339,0
DA:347,0
DA:353,0
DA:354,0
DA:360,0
DA:371,0
DA:375,0
DA:378,0
DA:381,0
DA:391,0
DA:392,0
DA:393,0
DA:407,0
DA:410,0
DA:413,0
DA:421,0
DA:422,0
DA:432,0
DA:434,0
DA:435,0
DA:438,0
DA:439,0
DA:444,0
DA:451,0
DA:452,0
DA:460,0
DA:462,0
DA:463,0
DA:464,0
DA:465,0
DA:466,0
LF:141
LH:0
BRDA:6,0,0,0
BRDA:6,0,1,0
BRDA:6,0,2,0
BRDA:7,1,0,0
BRDA:7,1,1,0
BRDA:7,2,0,0
BRDA:7,2,1,0
BRDA:25,3,0,0
BRDA:25,3,1,0
BRDA:25,3,2,0
BRDA:27,4,0,0
BRDA:27,4,1,0
BRDA:28,5,0,0
BRDA:28,5,1,0
BRDA:29,6,0,0
BRDA:29,6,1,0
BRDA:30,7,0,0
BRDA:30,7,1,0
BRDA:33,8,0,0
BRDA:33,8,1,0
BRDA:38,9,0,0
BRDA:38,9,1,0
BRDA:41,10,0,0
BRDA:41,10,1,0
BRDA:41,11,0,0
BRDA:41,11,1,0
BRDA:41,11,2,0
BRDA:51,12,0,0
BRDA:51,12,1,0
BRDA:63,13,0,0
BRDA:63,13,1,0
BRDA:136,14,0,0
BRDA:136,14,1,0
BRDA:147,15,0,0
BRDA:147,15,1,0
BRDA:149,16,0,0
BRDA:151,17,0,0
BRDA:151,17,1,0
BRDA:158,18,0,0
BRDA:158,18,1,0
BRDA:158,19,0,0
BRDA:158,19,1,0
BRDA:172,20,0,0
BRDA:172,20,1,0
BRDA:172,21,0,0
BRDA:172,21,1,0
BRDA:174,22,0,0
BRDA:174,22,1,0
BRDA:212,23,0,0
BRDA:212,23,1,0
BRDA:224,24,0,0
BRDA:224,24,1,0
BRDA:224,25,0,0
BRDA:224,25,1,0
BRDA:242,26,0,0
BRDA:242,26,1,0
BRDA:267,27,0,0
BRDA:267,27,1,0
BRDA:267,28,0,0
BRDA:267,28,1,0
BRDA:295,29,0,0
BRDA:295,29,1,0
BRDA:306,30,0,0
BRDA:307,31,0,0
BRDA:307,31,1,0
BRDA:322,32,0,0
BRDA:322,32,1,0
BRDA:333,33,0,0
BRDA:333,33,1,0
BRDA:334,34,0,0
BRDA:334,34,1,0
BRDA:334,35,0,0
BRDA:334,35,1,0
BRDA:341,36,0,0
BRDA:341,36,1,0
BRDA:342,37,0,0
BRDA:342,37,1,0
BRDA:349,38,0,0
BRDA:349,38,1,0
BRDA:353,39,0,0
BRDA:353,39,1,0
BRDA:356,40,0,0
BRDA:356,40,1,0
BRDA:383,41,0,0
BRDA:383,41,1,0
BRDA:415,42,0,0
BRDA:415,42,1,0
BRDA:438,43,0,0
BRDA:438,43,1,0
BRDA:446,44,0,0
BRDA:446,44,1,0
BRDA:457,45,0,0
BRDA:457,45,1,0
BRF:93
BRH:0
end_of_record
TN:
SF:src/config/environment.ts
FN:2,(anonymous_0)
FN:54,(anonymous_1)
FN:56,(anonymous_2)
FNF:3
FNH:1
FNDA:22,(anonymous_0)
FNDA:0,(anonymous_1)
FNDA:0,(anonymous_2)
DA:2,22
DA:3,22
DA:5,22
DA:6,22
DA:7,22
DA:8,22
DA:9,22
DA:54,22
DA:55,0
DA:56,0
DA:57,0
DA:58,0
DA:61,22
DA:62,22
LF:14
LH:10
BRDA:2,0,0,22
BRDA:2,0,1,22
BRDA:2,0,2,22
BRDA:3,1,0,0
BRDA:3,1,1,22
BRDA:3,2,0,22
BRDA:3,2,1,22
BRDA:11,3,0,22
BRDA:11,3,1,16
BRDA:12,4,0,22
BRDA:12,4,1,15
BRDA:15,5,0,22
BRDA:15,5,1,17
BRDA:16,6,0,22
BRDA:16,6,1,22
BRDA:22,7,0,22
BRDA:22,7,1,17
BRDA:23,8,0,22
BRDA:23,8,1,16
BRDA:26,9,0,22
BRDA:26,9,1,21
BRDA:27,10,0,22
BRDA:27,10,1,22
BRDA:28,11,0,22
BRDA:28,11,1,22
BRDA:29,12,0,22
BRDA:29,12,1,22
BRDA:30,13,0,22
BRDA:30,13,1,22
BRDA:33,14,0,22
BRDA:33,14,1,18
BRDA:34,15,0,22
BRDA:34,15,1,22
BRDA:37,16,0,22
BRDA:37,16,1,22
BRDA:38,17,0,22
BRDA:38,17,1,22
BRDA:41,18,0,22
BRDA:41,18,1,22
BRDA:42,19,0,22
BRDA:42,19,1,22
BRDA:43,20,0,22
BRDA:43,20,1,22
BRDA:44,21,0,22
BRDA:44,21,1,22
BRDA:45,22,0,22
BRDA:45,22,1,22
BRDA:50,23,0,22
BRDA:50,23,1,18
BRDA:51,24,0,22
BRDA:51,24,1,18
BRDA:57,25,0,0
BRDA:57,25,1,0
BRF:53
BRH:50
end_of_record
TN:
SF:src/config/feature-flags.ts
FN:27,loadFeatureFlagsFromEnv
FN:68,validateFeatureFlags
FN:91,shouldUseSRPArchitecture
FN:110,getSRPMigrationPhase
FN:117,logFeatureFlags
FN:137,emergencyDisableSRP
FNF:6
FNH:0
FNDA:0,loadFeatureFlagsFromEnv
FNDA:0,validateFeatureFlags
FNDA:0,shouldUseSRPArchitecture
FNDA:0,getSRPMigrationPhase
FNDA:0,logFeatureFlags
FNDA:0,emergencyDisableSRP
DA:6,0
DA:7,0
DA:12,0
DA:28,0
DA:30,0
DA:31,0
DA:33,0
DA:34,0
DA:35,0
DA:36,0
DA:39,0
DA:40,0
DA:41,0
DA:42,0
DA:46,0
DA:47,0
DA:49,0
DA:50,0
DA:53,0
DA:54,0
DA:56,0
DA:61,0
DA:69,0
DA:71,0
DA:72,0
DA:73,0
DA:75,0
DA:76,0
DA:78,0
DA:79,0
DA:82,0
DA:87,0
DA:92,0
DA:93,0
DA:96,0
DA:97,0
DA:99,0
DA:100,0
DA:103,0
DA:104,0
DA:106,0
DA:111,0
DA:113,0
DA:118,0
DA:126,0
DA:127,0
DA:128,0
DA:133,0
DA:138,0
DA:139,0
DA:140,0
DA:141,0
DA:143,0
LF:53
LH:0
BRDA:30,0,0,0
BRDA:30,0,1,0
BRDA:33,1,0,0
BRDA:33,1,1,0
BRDA:35,2,0,0
BRDA:35,2,1,0
BRDA:39,3,0,0
BRDA:39,3,1,0
BRDA:41,4,0,0
BRDA:41,4,1,0
BRDA:41,5,0,0
BRDA:41,5,1,0
BRDA:46,6,0,0
BRDA:46,6,1,0
BRDA:49,7,0,0
BRDA:49,7,1,0
BRDA:53,8,0,0
BRDA:53,8,1,0
BRDA:71,9,0,0
BRDA:71,9,1,0
BRDA:72,10,0,0
BRDA:72,10,1,0
BRDA:72,11,0,0
BRDA:72,11,1,0
BRDA:75,12,0,0
BRDA:75,12,1,0
BRDA:75,13,0,0
BRDA:75,13,1,0
BRDA:78,14,0,0
BRDA:78,14,1,0
BRDA:92,15,0,0
BRDA:92,15,1,0
BRDA:96,16,0,0
BRDA:96,16,1,0
BRDA:99,17,0,0
BRDA:99,17,1,0
BRDA:127,18,0,0
BRDA:127,18,1,0
BRF:38
BRH:0
end_of_record
TN:
SF:src/config/node-deprecation-suppressor.ts
FN:14,suppressPunycodeDeprecationWarnings
FN:28,setupDeprecationWarningControl
FNF:2
FNH:0
FNDA:0,suppressPunycodeDeprecationWarnings
FNDA:0,setupDeprecationWarningControl
DA:8,0
DA:9,0
DA:16,0
DA:17,0
DA:19,0
DA:20,0
DA:23,0
DA:29,0
DA:30,0
DA:31,0
DA:34,0
DA:35,0
DA:38,0
DA:43,0
DA:44,0
DA:46,0
LF:16
LH:0
BRDA:16,0,0,0
BRDA:16,0,1,0
BRDA:19,1,0,0
BRDA:19,1,1,0
BRDA:29,2,0,0
BRDA:29,2,1,0
BRDA:30,3,0,0
BRDA:30,3,1,0
BRDA:30,4,0,0
BRDA:30,4,1,0
BRDA:34,5,0,0
BRDA:34,5,1,0
BRDA:43,6,0,0
BRDA:43,6,1,0
BRF:14
BRH:0
end_of_record
TN:
SF:src/controllers/huggingface-controller.ts
FN:2,(anonymous_0)
FN:20,(anonymous_1)
FN:27,(anonymous_2)
FN:37,(anonymous_3)
FN:44,(anonymous_4)
FN:61,(anonymous_5)
FN:103,(anonymous_6)
FN:125,(anonymous_7)
FN:126,(anonymous_8)
FN:130,(anonymous_9)
FN:143,(anonymous_10)
FN:159,(anonymous_11)
FN:210,(anonymous_12)
FN:242,(anonymous_13)
FN:258,(anonymous_14)
FN:272,(anonymous_15)
FN:280,(anonymous_16)
FN:285,(anonymous_17)
FN:306,(anonymous_18)
FN:322,(anonymous_19)
FN:333,(anonymous_20)
FN:346,(anonymous_21)
FN:359,(anonymous_22)
FNF:23
FNH:2
FNDA:3,(anonymous_0)
FNDA:1,(anonymous_1)
FNDA:0,(anonymous_2)
FNDA:0,(anonymous_3)
FNDA:0,(anonymous_4)
FNDA:0,(anonymous_5)
FNDA:0,(anonymous_6)
FNDA:0,(anonymous_7)
FNDA:0,(anonymous_8)
FNDA:0,(anonymous_9)
FNDA:0,(anonymous_10)
FNDA:0,(anonymous_11)
FNDA:0,(anonymous_12)
FNDA:0,(anonymous_13)
FNDA:0,(anonymous_14)
FNDA:0,(anonymous_15)
FNDA:0,(anonymous_16)
FNDA:0,(anonymous_17)
FNDA:0,(anonymous_18)
FNDA:0,(anonymous_19)
FNDA:0,(anonymous_20)
FNDA:0,(anonymous_21)
FNDA:0,(anonymous_22)
DA:2,1
DA:3,3
DA:5,1
DA:6,1
DA:7,1
DA:8,1
DA:9,1
DA:10,1
DA:11,1
DA:12,1
DA:13,1
DA:14,1
DA:21,1
DA:22,1
DA:23,1
DA:24,1
DA:27,1
DA:28,0
DA:29,0
DA:37,1
DA:38,0
DA:39,0
DA:40,0
DA:44,0
DA:61,1
DA:62,0
DA:63,0
DA:64,0
DA:65,0
DA:71,0
DA:76,0
DA:78,0
DA:81,0
DA:103,1
DA:104,0
DA:105,0
DA:106,0
DA:107,0
DA:113,0
DA:123,0
DA:125,0
DA:126,0
DA:127,0
DA:130,0
DA:143,0
DA:159,1
DA:160,0
DA:161,0
DA:162,0
DA:163,0
DA:170,0
DA:183,0
DA:185,0
DA:186,0
DA:210,1
DA:211,0
DA:212,0
DA:213,0
DA:218,0
DA:220,0
DA:221,0
DA:242,1
DA:243,0
DA:244,0
DA:245,0
DA:246,0
DA:247,0
DA:252,0
DA:254,0
DA:258,0
DA:272,1
DA:273,0
DA:274,0
DA:275,0
DA:280,0
DA:285,1
DA:286,0
DA:287,0
DA:289,0
DA:290,0
DA:293,0
DA:295,0
DA:306,1
DA:307,0
DA:308,0
DA:309,0
DA:322,1
DA:323,0
DA:324,0
DA:333,1
DA:334,0
DA:335,0
DA:346,1
DA:347,0
DA:348,0
DA:349,0
DA:360,0
DA:361,0
DA:362,0
DA:363,0
DA:365,0
DA:366,0
DA:368,0
DA:369,0
DA:372,0
DA:374,0
DA:375,0
DA:378,1
DA:379,1
LF:109
LH:31
BRDA:2,0,0,1
BRDA:2,0,1,1
BRDA:2,0,2,1
BRDA:3,1,0,3
BRDA:3,1,1,0
BRDA:3,2,0,3
BRDA:3,2,1,3
BRDA:29,3,0,0
BRDA:29,3,1,0
BRDA:30,4,0,0
BRDA:30,4,1,0
BRDA:63,5,0,0
BRDA:63,5,1,0
BRDA:64,6,0,0
BRDA:64,6,1,0
BRDA:68,7,0,0
BRDA:68,7,1,0
BRDA:69,8,0,0
BRDA:69,8,1,0
BRDA:86,9,0,0
BRDA:86,9,1,0
BRDA:105,10,0,0
BRDA:105,10,1,0
BRDA:106,11,0,0
BRDA:106,11,1,0
BRDA:110,12,0,0
BRDA:110,12,1,0
BRDA:111,13,0,0
BRDA:111,13,1,0
BRDA:161,14,0,0
BRDA:161,14,1,0
BRDA:162,15,0,0
BRDA:162,15,1,0
BRDA:162,15,2,0
BRDA:167,16,0,0
BRDA:167,16,1,0
BRDA:173,17,0,0
BRDA:173,17,1,0
BRDA:185,18,0,0
BRDA:185,18,1,0
BRDA:204,19,0,0
BRDA:204,19,1,0
BRDA:212,20,0,0
BRDA:212,20,1,0
BRDA:244,21,0,0
BRDA:244,21,1,0
BRDA:246,22,0,0
BRDA:246,22,1,0
BRDA:264,23,0,0
BRDA:264,23,1,0
BRDA:286,24,0,0
BRDA:289,25,0,0
BRDA:289,25,1,0
BRDA:289,26,0,0
BRDA:289,26,1,0
BRDA:300,27,0,0
BRDA:300,27,1,0
BRDA:307,28,0,0
BRDA:348,29,0,0
BRDA:348,29,1,0
BRDA:348,30,0,0
BRDA:348,30,1,0
BRDA:348,31,0,0
BRDA:348,31,1,0
BRDA:354,32,0,0
BRDA:354,32,1,0
BRDA:362,33,0,0
BRDA:362,33,1,0
BRDA:365,34,0,0
BRDA:365,34,1,0
BRDA:368,35,0,0
BRDA:368,35,1,0
BRF:72
BRH:6
end_of_record
TN:
SF:src/metrics/prometheus-client-class.ts
FN:6,(anonymous_0)
FN:10,(anonymous_1)
FN:13,(anonymous_2)
FN:17,(anonymous_3)
FN:19,(anonymous_4)
FN:22,(anonymous_5)
FN:35,(anonymous_6)
FN:38,(anonymous_7)
FN:48,(anonymous_8)
FN:54,(anonymous_9)
FN:60,(anonymous_10)
FN:66,(anonymous_11)
FN:72,(anonymous_12)
FN:78,(anonymous_13)
FN:84,(anonymous_14)
FN:90,(anonymous_15)
FN:96,(anonymous_16)
FN:102,(anonymous_17)
FN:108,(anonymous_18)
FN:114,(anonymous_19)
FN:120,(anonymous_20)
FN:126,(anonymous_21)
FN:140,(anonymous_22)
FN:143,(anonymous_23)
FNF:24
FNH:1
FNDA:0,(anonymous_0)
FNDA:0,(anonymous_1)
FNDA:0,(anonymous_2)
FNDA:0,(anonymous_3)
FNDA:0,(anonymous_4)
FNDA:1,(anonymous_5)
FNDA:0,(anonymous_6)
FNDA:0,(anonymous_7)
FNDA:0,(anonymous_8)
FNDA:0,(anonymous_9)
FNDA:0,(anonymous_10)
FNDA:0,(anonymous_11)
FNDA:0,(anonymous_12)
FNDA:0,(anonymous_13)
FNDA:0,(anonymous_14)
FNDA:0,(anonymous_15)
FNDA:0,(anonymous_16)
FNDA:0,(anonymous_17)
FNDA:0,(anonymous_18)
FNDA:0,(anonymous_19)
FNDA:0,(anonymous_20)
FNDA:0,(anonymous_21)
FNDA:0,(anonymous_22)
FNDA:0,(anonymous_23)
DA:6,1
DA:7,0
DA:8,0
DA:9,0
DA:10,0
DA:12,0
DA:14,0
DA:15,0
DA:17,1
DA:18,0
DA:20,0
DA:22,1
DA:23,1
DA:24,0
DA:25,0
DA:26,0
DA:27,0
DA:29,1
DA:30,1
DA:31,1
DA:32,1
DA:39,0
DA:40,0
DA:41,0
DA:43,0
DA:49,0
DA:55,0
DA:61,0
DA:67,0
DA:73,0
DA:79,0
DA:85,0
DA:91,0
DA:97,0
DA:103,0
DA:109,0
DA:115,0
DA:121,0
DA:128,0
DA:141,0
DA:142,0
DA:143,0
DA:149,1
DA:150,1
LF:44
LH:10
BRDA:6,0,0,1
BRDA:6,0,1,1
BRDA:6,0,2,1
BRDA:6,1,0,1
BRDA:6,1,1,0
BRDA:7,2,0,0
BRDA:7,2,1,0
BRDA:9,3,0,0
BRDA:9,3,1,0
BRDA:9,4,0,0
BRDA:9,4,1,0
BRDA:9,5,0,0
BRDA:9,5,1,0
BRDA:9,6,0,0
BRDA:9,6,1,0
BRDA:14,7,0,0
BRDA:14,7,1,0
BRDA:17,8,0,1
BRDA:17,8,1,1
BRDA:17,8,2,1
BRDA:17,9,0,1
BRDA:17,9,1,0
BRDA:22,10,0,1
BRDA:22,10,1,1
BRDA:22,10,2,1
BRDA:23,11,0,1
BRDA:23,11,1,0
BRDA:23,12,0,1
BRDA:23,12,1,1
BRDA:25,13,0,0
BRDA:25,13,1,0
BRDA:25,14,0,0
BRDA:25,14,1,0
BRDA:25,15,0,0
BRDA:25,15,1,0
BRDA:39,16,0,0
BRDA:39,16,1,0
BRF:37
BRH:14
end_of_record
TN:
SF:src/metrics/prometheus-client.ts
FN:6,(anonymous_0)
FN:281,initializeMetrics
FN:319,recordWallBounceAnalysis
FN:335,(anonymous_3)
FN:346,recordHttpRequest
FN:365,recordError
FN:374,recordLLMResponse
FN:397,recordRAGSyncEvent
FN:419,recordRAGSearch
FN:431,recordWebhookNotification
FN:440,recordWebhookProcessingDuration
FN:447,recordWebhookError
FN:457,recordDriveSyncEvent
FN:466,recordRAGCost
FN:474,getModelByProvider
FNF:15
FNH:4
FNDA:2,(anonymous_0)
FNDA:0,initializeMetrics
FNDA:1,recordWallBounceAnalysis
FNDA:1,(anonymous_3)
FNDA:0,recordHttpRequest
FNDA:0,recordError
FNDA:0,recordLLMResponse
FNDA:0,recordRAGSyncEvent
FNDA:0,recordRAGSearch
FNDA:0,recordWebhookNotification
FNDA:0,recordWebhookProcessingDuration
FNDA:0,recordWebhookError
FNDA:0,recordDriveSyncEvent
FNDA:0,recordRAGCost
FNDA:1,getModelByProvider
DA:6,2
DA:7,2
DA:9,2
DA:10,2
DA:11,2
DA:12,2
DA:16,2
DA:18,2
DA:28,2
DA:35,2
DA:42,2
DA:50,2
DA:60,2
DA:67,2
DA:75,2
DA:82,2
DA:93,2
DA:100,2
DA:108,2
DA:115,2
DA:125,2
DA:132,2
DA:138,2
DA:145,2
DA:155,2
DA:162,2
DA:172,2
DA:179,2
DA:186,2
DA:196,2
DA:203,2
DA:211,2
DA:218,2
DA:226,2
DA:233,2
DA:240,2
DA:248,2
DA:258,2
DA:265,2
DA:272,2
DA:282,0
DA:288,0
DA:291,0
DA:294,0
DA:297,0
DA:300,0
DA:303,0
DA:304,0
DA:307,0
DA:310,0
DA:314,2
DA:321,1
DA:326,1
DA:327,1
DA:330,1
DA:335,1
DA:336,1
DA:344,2
DA:347,0
DA:352,0
DA:356,0
DA:357,0
DA:359,0
DA:360,0
DA:363,2
DA:366,0
DA:372,2
DA:375,0
DA:376,0
DA:377,0
DA:381,0
DA:386,0
DA:392,2
DA:398,0
DA:402,0
DA:403,0
DA:409,0
DA:410,0
DA:417,2
DA:420,0
DA:424,0
DA:429,2
DA:432,0
DA:438,2
DA:441,0
DA:445,2
DA:448,0
DA:449,0
DA:455,2
DA:458,0
DA:464,2
DA:467,0
DA:472,2
DA:475,1
DA:481,1
DA:483,2
LF:96
LH:61
BRDA:6,0,0,2
BRDA:6,0,1,2
BRDA:6,0,2,2
BRDA:7,1,0,0
BRDA:7,1,1,2
BRDA:7,2,0,2
BRDA:7,2,1,2
BRDA:356,3,0,0
BRDA:356,3,1,0
BRDA:359,4,0,0
BRDA:359,4,1,0
BRDA:402,5,0,0
BRDA:402,5,1,0
BRDA:409,6,0,0
BRDA:409,6,1,0
BRDA:411,7,0,0
BRDA:411,7,1,0
BRDA:481,8,0,1
BRDA:481,8,1,1
BRF:19
BRH:8
end_of_record
TN:
SF:src/middleware/error-handler.ts
FN:9,(anonymous_0)
FN:19,(anonymous_1)
FN:29,(anonymous_2)
FN:36,(anonymous_3)
FN:123,(anonymous_4)
FN:124,(anonymous_5)
FN:129,(anonymous_6)
FNF:7
FNH:1
FNDA:0,(anonymous_0)
FNDA:0,(anonymous_1)
FNDA:0,(anonymous_2)
FNDA:0,(anonymous_3)
FNDA:13,(anonymous_4)
FNDA:0,(anonymous_5)
FNDA:0,(anonymous_6)
DA:2,1
DA:3,1
DA:4,1
DA:6,0
DA:7,0
DA:10,0
DA:11,0
DA:12,0
DA:15,1
DA:17,0
DA:18,0
DA:20,0
DA:21,0
DA:24,1
DA:26,0
DA:27,0
DA:30,0
DA:31,0
DA:32,0
DA:35,1
DA:36,1
DA:37,0
DA:46,0
DA:47,0
DA:48,0
DA:59,0
DA:62,0
DA:63,0
DA:64,0
DA:73,0
DA:76,0
DA:77,0
DA:86,0
DA:89,0
DA:90,0
DA:98,0
DA:101,0
DA:102,0
DA:110,0
DA:113,0
DA:122,1
DA:123,1
DA:124,13
DA:125,0
DA:128,1
DA:129,1
DA:130,0
DA:139,1
DA:140,1
LF:49
LH:14
BRDA:19,0,0,0
BRDA:46,1,0,0
BRDA:46,1,1,0
BRDA:48,2,0,0
BRDA:48,2,1,0
BRDA:62,3,0,0
BRDA:62,3,1,0
BRDA:64,4,0,0
BRDA:64,4,1,0
BRDA:67,5,0,0
BRDA:67,5,1,0
BRDA:76,6,0,0
BRDA:76,6,1,0
BRDA:89,7,0,0
BRDA:89,7,1,0
BRDA:89,8,0,0
BRDA:89,8,1,0
BRDA:101,9,0,0
BRDA:101,9,1,0
BRDA:101,10,0,0
BRDA:101,10,1,0
BRDA:115,11,0,0
BRDA:115,11,1,0
BRF:23
BRH:0
end_of_record
TN:
SF:src/middleware/metrics-middleware.ts
FN:6,(anonymous_0)
FN:10,(anonymous_1)
FN:13,(anonymous_2)
FN:17,(anonymous_3)
FN:19,(anonymous_4)
FN:22,(anonymous_5)
FN:36,metricsMiddleware
FN:43,(anonymous_7)
FN:49,(anonymous_8)
FN:78,getRoutePattern
FN:133,metricsErrorHandler
FN:181,(anonymous_11)
FN:187,(anonymous_12)
FN:190,(anonymous_13)
FN:214,updateHealthMetrics
FN:217,(anonymous_15)
FN:217,(anonymous_16)
FN:230,(anonymous_17)
FNF:18
FNH:0
FNDA:0,(anonymous_0)
FNDA:0,(anonymous_1)
FNDA:0,(anonymous_2)
FNDA:0,(anonymous_3)
FNDA:0,(anonymous_4)
FNDA:0,(anonymous_5)
FNDA:0,metricsMiddleware
FNDA:0,(anonymous_7)
FNDA:0,(anonymous_8)
FNDA:0,getRoutePattern
FNDA:0,metricsErrorHandler
FNDA:0,(anonymous_11)
FNDA:0,(anonymous_12)
FNDA:0,(anonymous_13)
FNDA:0,updateHealthMetrics
FNDA:0,(anonymous_15)
FNDA:0,(anonymous_16)
FNDA:0,(anonymous_17)
DA:6,0
DA:7,0
DA:8,0
DA:9,0
DA:10,0
DA:12,0
DA:14,0
DA:15,0
DA:17,0
DA:18,0
DA:20,0
DA:22,0
DA:23,0
DA:24,0
DA:25,0
DA:26,0
DA:27,0
DA:29,0
DA:30,0
DA:31,0
DA:32,0
DA:37,0
DA:39,0
DA:41,0
DA:42,0
DA:43,0
DA:44,0
DA:45,0
DA:47,0
DA:49,0
DA:50,0
DA:51,0
DA:53,0
DA:55,0
DA:56,0
DA:57,0
DA:58,0
DA:61,0
DA:71,0
DA:73,0
DA:80,0
DA:113,0
DA:114,0
DA:115,0
DA:119,0
DA:120,0
DA:122,0
DA:123,0
DA:125,0
DA:126,0
DA:128,0
DA:135,0
DA:136,0
DA:137,0
DA:138,0
DA:139,0
DA:141,0
DA:142,0
DA:143,0
DA:145,0
DA:146,0
DA:147,0
DA:149,0
DA:150,0
DA:151,0
DA:153,0
DA:154,0
DA:155,0
DA:157,0
DA:158,0
DA:159,0
DA:162,0
DA:163,0
DA:172,0
DA:174,0
DA:180,0
DA:182,0
DA:183,0
DA:185,0
DA:188,0
DA:191,0
DA:192,0
DA:193,0
DA:196,0
DA:198,0
DA:199,0
DA:201,0
DA:210,0
DA:215,0
DA:217,0
DA:218,0
DA:221,0
DA:224,0
DA:227,0
DA:231,0
DA:236,0
DA:238,0
DA:239,0
LF:98
LH:0
BRDA:6,0,0,0
BRDA:6,0,1,0
BRDA:6,0,2,0
BRDA:6,1,0,0
BRDA:6,1,1,0
BRDA:7,2,0,0
BRDA:7,2,1,0
BRDA:9,3,0,0
BRDA:9,3,1,0
BRDA:9,4,0,0
BRDA:9,4,1,0
BRDA:9,5,0,0
BRDA:9,5,1,0
BRDA:9,6,0,0
BRDA:9,6,1,0
BRDA:14,7,0,0
BRDA:14,7,1,0
BRDA:17,8,0,0
BRDA:17,8,1,0
BRDA:17,8,2,0
BRDA:17,9,0,0
BRDA:17,9,1,0
BRDA:22,10,0,0
BRDA:22,10,1,0
BRDA:22,10,2,0
BRDA:23,11,0,0
BRDA:23,11,1,0
BRDA:23,12,0,0
BRDA:23,12,1,0
BRDA:25,13,0,0
BRDA:25,13,1,0
BRDA:25,14,0,0
BRDA:25,14,1,0
BRDA:25,15,0,0
BRDA:25,15,1,0
BRDA:39,16,0,0
BRDA:39,16,1,0
BRDA:44,17,0,0
BRDA:44,17,1,0
BRDA:55,18,0,0
BRDA:55,18,1,0
BRDA:56,19,0,0
BRDA:56,19,1,0
BRDA:57,20,0,0
BRDA:57,20,1,0
BRDA:114,21,0,0
BRDA:114,21,1,0
BRDA:119,22,0,0
BRDA:119,22,1,0
BRDA:122,23,0,0
BRDA:122,23,1,0
BRDA:125,24,0,0
BRDA:125,24,1,0
BRDA:125,25,0,0
BRDA:125,25,1,0
BRDA:137,26,0,0
BRDA:137,26,1,0
BRDA:141,27,0,0
BRDA:141,27,1,0
BRDA:145,28,0,0
BRDA:145,28,1,0
BRDA:149,29,0,0
BRDA:149,29,1,0
BRDA:153,30,0,0
BRDA:153,30,1,0
BRDA:157,31,0,0
BRDA:157,31,1,0
BRDA:157,32,0,0
BRDA:157,32,1,0
BRDA:182,33,0,0
BRDA:182,33,1,0
BRDA:192,34,0,0
BRDA:192,34,1,0
BRF:73
BRH:0
end_of_record
TN:
SF:src/middleware/openai-auth.ts
FN:4,openaiAuth
FN:19,enhancedSecurityValidation
FNF:2
FNH:0
FNDA:0,openaiAuth
FNDA:0,enhancedSecurityValidation
DA:2,0
DA:3,0
DA:5,0
DA:6,0
DA:7,0
DA:12,0
DA:16,0
DA:18,0
DA:21,0
DA:22,0
DA:24,0
DA:25,0
DA:30,0
DA:31,0
DA:35,0
DA:37,0
LF:16
LH:0
BRDA:5,0,0,0
BRDA:5,0,1,0
BRDA:6,1,0,0
BRDA:6,1,1,0
BRDA:14,2,0,0
BRDA:14,2,1,0
BRDA:24,3,0,0
BRDA:24,3,1,0
BRDA:24,4,0,0
BRDA:24,4,1,0
BRDA:30,5,0,0
BRDA:30,5,1,0
BRDA:30,6,0,0
BRDA:30,6,1,0
BRF:14
BRH:0
end_of_record
TN:
SF:src/middleware/validation.ts
FN:6,(anonymous_0)
FN:7,(anonymous_1)
FN:147,(anonymous_2)
FN:154,(anonymous_3)
FN:162,(anonymous_4)
FN:164,(anonymous_5)
FN:167,(anonymous_6)
FN:192,(anonymous_7)
FN:193,(anonymous_8)
FNF:9
FNH:2
FNDA:4,(anonymous_0)
FNDA:0,(anonymous_1)
FNDA:0,(anonymous_2)
FNDA:0,(anonymous_3)
FNDA:0,(anonymous_4)
FNDA:0,(anonymous_5)
FNDA:0,(anonymous_6)
FNDA:1,(anonymous_7)
FNDA:0,(anonymous_8)
DA:2,1
DA:3,1
DA:4,1
DA:5,1
DA:6,1
DA:7,4
DA:8,0
DA:9,0
DA:14,0
DA:15,0
DA:16,0
DA:18,0
DA:19,0
DA:20,0
DA:23,0
DA:24,0
DA:27,0
DA:28,0
DA:29,0
DA:30,0
DA:31,0
DA:35,0
DA:36,0
DA:37,0
DA:39,0
DA:40,0
DA:42,0
DA:43,0
DA:47,0
DA:48,0
DA:49,0
DA:51,0
DA:52,0
DA:56,0
DA:57,0
DA:60,0
DA:61,0
DA:62,0
DA:63,0
DA:67,0
DA:68,0
DA:72,0
DA:75,1
DA:77,1
DA:94,1
DA:123,1
DA:137,1
DA:148,0
DA:149,0
DA:150,0
DA:151,0
DA:152,0
DA:153,0
DA:154,0
DA:162,1
DA:164,0
DA:165,0
DA:167,0
DA:168,0
DA:169,0
DA:171,0
DA:172,0
DA:174,0
DA:175,0
DA:176,0
DA:177,0
DA:178,0
DA:181,0
DA:183,0
DA:185,0
DA:186,0
DA:187,0
DA:189,1
DA:191,1
DA:192,1
DA:193,1
DA:194,0
DA:195,0
DA:196,0
DA:197,0
DA:198,0
DA:202,0
DA:205,0
DA:208,0
DA:209,0
DA:210,0
DA:213,0
DA:214,0
DA:223,0
DA:226,0
DA:231,0
DA:234,1
DA:235,1
LF:93
LH:18
BRDA:18,0,0,0
BRDA:18,0,1,0
BRDA:18,1,0,0
BRDA:18,1,1,0
BRDA:18,1,2,0
BRDA:18,1,3,0
BRDA:23,2,0,0
BRDA:23,2,1,0
BRDA:23,3,0,0
BRDA:23,3,1,0
BRDA:23,3,2,0
BRDA:23,3,3,0
BRDA:27,4,0,0
BRDA:27,4,1,0
BRDA:28,5,0,0
BRDA:28,5,1,0
BRDA:29,6,0,0
BRDA:29,6,1,0
BRDA:35,7,0,0
BRDA:35,7,1,0
BRDA:36,8,0,0
BRDA:36,8,1,0
BRDA:36,9,0,0
BRDA:36,9,1,0
BRDA:39,10,0,0
BRDA:39,10,1,0
BRDA:39,11,0,0
BRDA:39,11,1,0
BRDA:42,12,0,0
BRDA:42,12,1,0
BRDA:42,13,0,0
BRDA:42,13,1,0
BRDA:47,14,0,0
BRDA:47,14,1,0
BRDA:48,15,0,0
BRDA:48,15,1,0
BRDA:48,16,0,0
BRDA:48,16,1,0
BRDA:51,17,0,0
BRDA:51,17,1,0
BRDA:51,18,0,0
BRDA:51,18,1,0
BRDA:56,19,0,0
BRDA:56,19,1,0
BRDA:56,20,0,0
BRDA:56,20,1,0
BRDA:60,21,0,0
BRDA:60,21,1,0
BRDA:62,22,0,0
BRDA:62,22,1,0
BRDA:63,23,0,0
BRDA:63,23,1,0
BRDA:67,24,0,0
BRDA:67,24,1,0
BRDA:148,25,0,0
BRDA:148,25,1,0
BRDA:150,26,0,0
BRDA:150,26,1,0
BRDA:152,27,0,0
BRDA:152,27,1,0
BRDA:154,28,0,0
BRDA:154,28,1,0
BRDA:154,29,0,0
BRDA:154,29,1,0
BRDA:168,30,0,0
BRDA:168,30,1,0
BRDA:171,31,0,0
BRDA:171,31,1,0
BRDA:174,32,0,0
BRDA:174,32,1,0
BRDA:174,33,0,0
BRDA:174,33,1,0
BRDA:177,34,0,0
BRDA:177,34,1,0
BRDA:192,35,0,0
BRDA:194,36,0,0
BRDA:194,36,1,0
BRDA:194,36,2,0
BRDA:197,37,0,0
BRDA:197,37,1,0
BRDA:197,38,0,0
BRDA:197,38,1,0
BRDA:209,39,0,0
BRDA:209,39,1,0
BRDA:213,40,0,0
BRDA:213,40,1,0
BRF:86
BRH:0
end_of_record
TN:
SF:src/routes/codex-session.ts
FN:2,(anonymous_0)
FN:18,(anonymous_1)
FN:62,(anonymous_2)
FN:111,(anonymous_3)
FN:138,(anonymous_4)
FN:176,(anonymous_5)
FN:200,(anonymous_6)
FN:226,(anonymous_7)
FN:248,(anonymous_8)
FN:272,(anonymous_9)
FNF:10
FNH:0
FNDA:0,(anonymous_0)
FNDA:0,(anonymous_1)
FNDA:0,(anonymous_2)
FNDA:0,(anonymous_3)
FNDA:0,(anonymous_4)
FNDA:0,(anonymous_5)
FNDA:0,(anonymous_6)
FNDA:0,(anonymous_7)
FNDA:0,(anonymous_8)
FNDA:0,(anonymous_9)
DA:2,0
DA:3,0
DA:5,0
DA:6,0
DA:7,0
DA:8,0
DA:9,0
DA:10,0
DA:11,0
DA:12,0
DA:13,0
DA:18,0
DA:19,0
DA:20,0
DA:21,0
DA:22,0
DA:26,0
DA:31,0
DA:37,0
DA:51,0
DA:52,0
DA:62,0
DA:63,0
DA:64,0
DA:65,0
DA:66,0
DA:70,0
DA:71,0
DA:75,0
DA:81,0
DA:87,0
DA:100,0
DA:101,0
DA:111,0
DA:112,0
DA:113,0
DA:114,0
DA:115,0
DA:116,0
DA:127,0
DA:128,0
DA:138,0
DA:139,0
DA:140,0
DA:141,0
DA:142,0
DA:143,0
DA:144,0
DA:149,0
DA:165,0
DA:166,0
DA:176,0
DA:177,0
DA:178,0
DA:179,0
DA:180,0
DA:181,0
DA:189,0
DA:190,0
DA:200,0
DA:201,0
DA:202,0
DA:203,0
DA:204,0
DA:215,0
DA:216,0
DA:226,0
DA:227,0
DA:228,0
DA:229,0
DA:230,0
DA:237,0
DA:238,0
DA:248,0
DA:249,0
DA:250,0
DA:251,0
DA:252,0
DA:253,0
DA:261,0
DA:262,0
DA:272,0
DA:273,0
DA:274,0
DA:282,0
DA:288,0
LF:86
LH:0
BRDA:2,0,0,0
BRDA:2,0,1,0
BRDA:2,0,2,0
BRDA:3,1,0,0
BRDA:3,1,1,0
BRDA:3,2,0,0
BRDA:3,2,1,0
BRDA:21,3,0,0
BRDA:21,3,1,0
BRDA:28,4,0,0
BRDA:28,4,1,0
BRDA:29,5,0,0
BRDA:29,5,1,0
BRDA:44,6,0,0
BRDA:44,6,1,0
BRDA:45,7,0,0
BRDA:45,7,1,0
BRDA:54,8,0,0
BRDA:54,8,1,0
BRDA:65,9,0,0
BRDA:65,9,1,0
BRDA:70,10,0,0
BRDA:70,10,1,0
BRDA:70,11,0,0
BRDA:70,11,1,0
BRDA:76,12,0,0
BRDA:76,12,1,0
BRDA:77,13,0,0
BRDA:77,13,1,0
BRDA:82,14,0,0
BRDA:82,14,1,0
BRDA:103,15,0,0
BRDA:103,15,1,0
BRDA:130,16,0,0
BRDA:130,16,1,0
BRDA:143,17,0,0
BRDA:143,17,1,0
BRDA:168,18,0,0
BRDA:168,18,1,0
BRDA:192,19,0,0
BRDA:192,19,1,0
BRDA:218,20,0,0
BRDA:218,20,1,0
BRDA:240,21,0,0
BRDA:240,21,1,0
BRDA:264,22,0,0
BRDA:264,22,1,0
BRDA:284,23,0,0
BRDA:284,23,1,0
BRF:49
BRH:0
end_of_record
TN:
SF:src/routes/huggingface-routes.ts
FN:2,(anonymous_0)
FNF:1
FNH:1
FNDA:1,(anonymous_0)
DA:2,1
DA:3,1
DA:5,1
DA:6,1
DA:7,1
DA:8,1
DA:9,1
DA:10,1
DA:12,1
DA:13,1
DA:15,1
DA:16,1
DA:17,1
DA:19,1
DA:20,1
DA:21,1
DA:23,1
DA:24,1
DA:25,1
DA:27,1
DA:28,1
DA:29,1
DA:30,1
DA:31,1
LF:24
LH:24
BRDA:2,0,0,1
BRDA:2,0,1,1
BRDA:2,0,2,1
BRDA:3,1,0,1
BRDA:3,1,1,0
BRDA:3,2,0,1
BRDA:3,2,1,1
BRF:7
BRH:6
end_of_record
TN:
SF:src/routes/it-support.ts
FN:6,(anonymous_0)
FN:32,(anonymous_1)
FN:94,(anonymous_2)
FN:200,handleCriticalSupport
FN:233,handlePremiumSupport
FN:266,handleBasicSupport
FN:300,(anonymous_6)
FNF:7
FNH:0
FNDA:0,(anonymous_0)
FNDA:0,(anonymous_1)
FNDA:0,(anonymous_2)
FNDA:0,handleCriticalSupport
FNDA:0,handlePremiumSupport
FNDA:0,handleBasicSupport
FNDA:0,(anonymous_6)
DA:6,0
DA:7,0
DA:9,0
DA:10,0
DA:11,0
DA:12,0
DA:13,0
DA:14,0
DA:15,0
DA:16,0
DA:32,0
DA:33,0
DA:34,0
DA:35,0
DA:42,0
DA:43,0
DA:50,0
DA:56,0
DA:57,0
DA:64,0
DA:76,0
DA:77,0
DA:82,0
DA:94,0
DA:95,0
DA:96,0
DA:97,0
DA:98,0
DA:106,0
DA:107,0
DA:114,0
DA:115,0
DA:116,0
DA:125,0
DA:128,0
DA:129,0
DA:130,0
DA:131,0
DA:134,0
DA:137,0
DA:138,0
DA:139,0
DA:140,0
DA:143,0
DA:147,0
DA:148,0
DA:149,0
DA:150,0
DA:153,0
DA:155,0
DA:156,0
DA:162,0
DA:178,0
DA:179,0
DA:184,0
DA:192,0
DA:203,0
DA:229,0
DA:236,0
DA:262,0
DA:269,0
DA:295,0
DA:300,0
DA:301,0
LF:64
LH:0
BRDA:6,0,0,0
BRDA:6,0,1,0
BRDA:6,0,2,0
BRDA:7,1,0,0
BRDA:7,1,1,0
BRDA:7,2,0,0
BRDA:7,2,1,0
BRDA:42,3,0,0
BRDA:42,3,1,0
BRDA:76,4,0,0
BRDA:76,4,1,0
BRDA:79,5,0,0
BRDA:79,5,1,0
BRDA:97,6,0,0
BRDA:106,7,0,0
BRDA:106,7,1,0
BRDA:115,8,0,0
BRDA:115,8,1,0
BRDA:125,9,0,0
BRDA:125,9,1,0
BRDA:125,9,2,0
BRDA:125,9,3,0
BRDA:170,10,0,0
BRDA:170,10,1,0
BRDA:178,11,0,0
BRDA:178,11,1,0
BRDA:181,12,0,0
BRDA:181,12,1,0
BRDA:209,13,0,0
BRDA:209,13,1,0
BRDA:242,14,0,0
BRDA:242,14,1,0
BRDA:275,15,0,0
BRDA:275,15,1,0
BRF:34
BRH:0
end_of_record
TN:
SF:src/routes/it-unified.ts
FN:6,(anonymous_0)
FN:32,(anonymous_1)
FN:107,detectRequestType
FN:129,handleLogAnalysis
FN:149,handleTechnicalSupport
FN:196,generateLogRecommendations
FN:228,generateSupportRecommendations
FN:262,(anonymous_7)
FNF:8
FNH:0
FNDA:0,(anonymous_0)
FNDA:0,(anonymous_1)
FNDA:0,detectRequestType
FNDA:0,handleLogAnalysis
FNDA:0,handleTechnicalSupport
FNDA:0,generateLogRecommendations
FNDA:0,generateSupportRecommendations
FNDA:0,(anonymous_7)
DA:6,0
DA:7,0
DA:9,0
DA:10,0
DA:11,0
DA:12,0
DA:13,0
DA:14,0
DA:15,0
DA:16,0
DA:32,0
DA:33,0
DA:34,0
DA:35,0
DA:36,0
DA:45,0
DA:47,0
DA:48,0
DA:49,0
DA:53,0
DA:63,0
DA:65,0
DA:66,0
DA:67,0
DA:69,0
DA:70,0
DA:71,0
DA:73,0
DA:75,0
DA:76,0
DA:82,0
DA:85,0
DA:86,0
DA:91,0
DA:109,0
DA:110,0
DA:111,0
DA:114,0
DA:115,0
DA:116,0
DA:119,0
DA:120,0
DA:121,0
DA:124,0
DA:130,0
DA:131,0
DA:133,0
DA:139,0
DA:150,0
DA:151,0
DA:153,0
DA:155,0
DA:156,0
DA:157,0
DA:165,0
DA:167,0
DA:168,0
DA:169,0
DA:170,0
DA:172,0
DA:173,0
DA:174,0
DA:175,0
DA:178,0
DA:179,0
DA:180,0
DA:181,0
DA:183,0
DA:197,0
DA:198,0
DA:199,0
DA:201,0
DA:202,0
DA:203,0
DA:205,0
DA:206,0
DA:207,0
DA:210,0
DA:211,0
DA:214,0
DA:215,0
DA:218,0
DA:219,0
DA:220,0
DA:223,0
DA:229,0
DA:230,0
DA:231,0
DA:233,0
DA:235,0
DA:236,0
DA:237,0
DA:239,0
DA:240,0
DA:241,0
DA:243,0
DA:244,0
DA:245,0
DA:248,0
DA:249,0
DA:252,0
DA:253,0
DA:256,0
DA:262,0
DA:263,0
DA:282,0
LF:106
LH:0
BRDA:6,0,0,0
BRDA:6,0,1,0
BRDA:6,0,2,0
BRDA:7,1,0,0
BRDA:7,1,1,0
BRDA:7,2,0,0
BRDA:7,2,1,0
BRDA:45,3,0,0
BRDA:45,3,1,0
BRDA:47,4,0,0
BRDA:47,4,1,0
BRDA:47,5,0,0
BRDA:47,5,1,0
BRDA:63,6,0,0
BRDA:63,6,1,0
BRDA:63,6,2,0
BRDA:85,7,0,0
BRDA:85,7,1,0
BRDA:88,8,0,0
BRDA:88,8,1,0
BRDA:109,9,0,0
BRDA:109,9,1,0
BRDA:114,10,0,0
BRDA:114,10,1,0
BRDA:119,11,0,0
BRDA:119,11,1,0
BRDA:130,12,0,0
BRDA:130,12,1,0
BRDA:143,13,0,0
BRDA:143,13,1,0
BRDA:150,14,0,0
BRDA:150,14,1,0
BRDA:153,15,0,0
BRDA:153,15,1,0
BRDA:156,16,0,0
BRDA:156,16,1,0
BRDA:165,17,0,0
BRDA:165,17,1,0
BRDA:165,17,2,0
BRDA:165,17,3,0
BRDA:189,18,0,0
BRDA:189,18,1,0
BRDA:198,19,0,0
BRDA:198,19,1,0
BRDA:198,20,0,0
BRDA:198,20,1,0
BRDA:201,21,0,0
BRDA:201,21,1,0
BRDA:205,22,0,0
BRDA:205,22,1,0
BRDA:210,23,0,0
BRDA:210,23,1,0
BRDA:210,24,0,0
BRDA:210,24,1,0
BRDA:214,25,0,0
BRDA:214,25,1,0
BRDA:214,26,0,0
BRDA:214,26,1,0
BRDA:218,27,0,0
BRDA:218,27,1,0
BRDA:230,28,0,0
BRDA:230,28,1,0
BRDA:233,29,0,0
BRDA:233,29,1,0
BRDA:233,29,2,0
BRDA:248,30,0,0
BRDA:248,30,1,0
BRDA:252,31,0,0
BRDA:252,31,1,0
BRF:69
BRH:0
end_of_record
TN:
SF:src/routes/pdf-routes.ts
FN:2,(anonymous_0)
FN:28,(anonymous_1)
FN:30,(anonymous_2)
FN:50,(anonymous_3)
FN:53,(anonymous_4)
FN:88,(anonymous_5)
FN:97,(anonymous_6)
FN:97,(anonymous_7)
FN:108,(anonymous_8)
FN:124,(anonymous_9)
FN:157,(anonymous_10)
FNF:11
FNH:0
FNDA:0,(anonymous_0)
FNDA:0,(anonymous_1)
FNDA:0,(anonymous_2)
FNDA:0,(anonymous_3)
FNDA:0,(anonymous_4)
FNDA:0,(anonymous_5)
FNDA:0,(anonymous_6)
FNDA:0,(anonymous_7)
FNDA:0,(anonymous_8)
FNDA:0,(anonymous_9)
FNDA:0,(anonymous_10)
DA:2,0
DA:3,0
DA:5,0
DA:6,0
DA:7,0
DA:8,0
DA:9,0
DA:11,0
DA:28,0
DA:29,0
DA:30,0
DA:36,0
DA:42,0
DA:43,0
DA:50,0
DA:51,0
DA:52,0
DA:53,0
DA:54,0
DA:55,0
DA:60,0
DA:61,0
DA:62,0
DA:67,0
DA:69,0
DA:80,0
DA:81,0
DA:88,0
DA:89,0
DA:90,0
DA:92,0
DA:93,0
DA:97,0
DA:98,0
DA:99,0
DA:100,0
DA:108,0
DA:109,0
DA:116,0
DA:117,0
DA:124,0
DA:125,0
DA:126,0
DA:127,0
DA:128,0
DA:129,0
DA:134,0
DA:135,0
DA:149,0
DA:150,0
DA:157,0
DA:158,0
DA:159,0
DA:160,0
DA:161,0
DA:162,0
DA:168,0
DA:169,0
DA:170,0
DA:171,0
DA:172,0
DA:173,0
DA:176,0
DA:177,0
DA:183,0
LF:65
LH:0
BRDA:2,0,0,0
BRDA:2,0,1,0
BRDA:2,0,2,0
BRDA:3,1,0,0
BRDA:3,1,1,0
BRDA:3,2,0,0
BRDA:3,2,1,0
BRDA:54,3,0,0
BRDA:54,3,1,0
BRDA:61,4,0,0
BRDA:61,4,1,0
BRDA:92,5,0,0
BRDA:92,5,1,0
BRDA:128,6,0,0
BRDA:128,6,1,0
BRDA:161,7,0,0
BRDA:161,7,1,0
BRF:17
BRH:0
end_of_record
TN:
SF:src/routes/rag-endpoint.ts
FN:26,(anonymous_0)
FN:36,(anonymous_1)
FN:66,(anonymous_2)
FN:95,(anonymous_3)
FN:121,(anonymous_4)
FN:152,(anonymous_5)
FN:189,(anonymous_6)
FN:192,(anonymous_7)
FN:195,(anonymous_8)
FN:217,(anonymous_9)
FN:220,(anonymous_10)
FN:226,(anonymous_11)
FN:246,(anonymous_12)
FN:289,(anonymous_13)
FN:303,(anonymous_14)
FN:327,(anonymous_15)
FN:364,(anonymous_16)
FNF:17
FNH:0
FNDA:0,(anonymous_0)
FNDA:0,(anonymous_1)
FNDA:0,(anonymous_2)
FNDA:0,(anonymous_3)
FNDA:0,(anonymous_4)
FNDA:0,(anonymous_5)
FNDA:0,(anonymous_6)
FNDA:0,(anonymous_7)
FNDA:0,(anonymous_8)
FNDA:0,(anonymous_9)
FNDA:0,(anonymous_10)
FNDA:0,(anonymous_11)
FNDA:0,(anonymous_12)
FNDA:0,(anonymous_13)
FNDA:0,(anonymous_14)
FNDA:0,(anonymous_15)
FNDA:0,(anonymous_16)
DA:6,1
DA:7,1
DA:8,1
DA:9,1
DA:10,1
DA:11,1
DA:12,1
DA:14,1
DA:20,1
DA:25,1
DA:26,1
DA:27,0
DA:28,0
DA:29,0
DA:31,0
DA:36,1
DA:37,0
DA:38,0
DA:48,0
DA:49,0
DA:52,0
DA:55,0
DA:66,1
DA:67,0
DA:68,0
DA:69,0
DA:70,0
DA:75,0
DA:76,0
DA:77,0
DA:82,0
DA:86,0
DA:87,0
DA:95,0
DA:102,0
DA:109,0
DA:112,0
DA:121,1
DA:122,0
DA:123,0
DA:124,0
DA:125,0
DA:126,0
DA:130,0
DA:131,0
DA:140,0
DA:143,0
DA:152,1
DA:153,0
DA:154,0
DA:155,0
DA:156,0
DA:161,0
DA:162,0
DA:163,0
DA:167,0
DA:173,0
DA:174,0
DA:176,0
DA:177,0
DA:180,0
DA:182,0
DA:183,0
DA:189,0
DA:192,0
DA:195,0
DA:201,0
DA:202,0
DA:217,0
DA:220,0
DA:225,0
DA:226,0
DA:227,0
DA:228,0
DA:229,0
DA:231,0
DA:233,0
DA:238,0
DA:239,0
DA:240,0
DA:246,0
DA:251,0
DA:269,0
DA:270,0
DA:277,0
DA:280,0
DA:289,1
DA:290,0
DA:291,0
DA:292,0
DA:293,0
DA:298,0
DA:299,0
DA:300,0
DA:303,0
DA:315,0
DA:318,0
DA:327,1
DA:328,0
DA:329,0
DA:330,0
DA:331,0
DA:332,0
DA:337,0
DA:338,0
DA:339,0
DA:347,0
DA:352,0
DA:355,0
DA:364,1
DA:365,0
DA:366,0
DA:378,0
DA:379,0
DA:395,0
DA:398,0
DA:404,1
LF:117
LH:19
BRDA:15,0,0,1
BRDA:15,0,1,0
BRDA:16,1,0,1
BRDA:16,1,1,0
BRDA:17,2,0,1
BRDA:17,2,1,1
BRDA:18,3,0,1
BRDA:18,3,1,0
BRDA:21,4,0,1
BRDA:21,4,1,0
BRDA:27,5,0,0
BRDA:27,5,1,0
BRDA:27,6,0,0
BRDA:27,6,1,0
BRDA:27,6,2,0
BRDA:43,7,0,0
BRDA:43,7,1,0
BRDA:53,8,0,0
BRDA:53,8,1,0
BRDA:59,9,0,0
BRDA:59,9,1,0
BRDA:68,10,0,0
BRDA:69,11,0,0
BRDA:69,11,1,0
BRDA:69,12,0,0
BRDA:69,12,1,0
BRDA:76,13,0,0
BRDA:76,13,1,0
BRDA:110,14,0,0
BRDA:110,14,1,0
BRDA:114,15,0,0
BRDA:114,15,1,0
BRDA:125,16,0,0
BRDA:125,16,1,0
BRDA:141,17,0,0
BRDA:141,17,1,0
BRDA:145,18,0,0
BRDA:145,18,1,0
BRDA:154,19,0,0
BRDA:154,20,0,0
BRDA:154,21,0,0
BRDA:155,22,0,0
BRDA:155,22,1,0
BRDA:155,23,0,0
BRDA:155,23,1,0
BRDA:162,24,0,0
BRDA:162,24,1,0
BRDA:176,25,0,0
BRDA:176,25,1,0
BRDA:176,26,0,0
BRDA:176,26,1,0
BRDA:182,27,0,0
BRDA:182,27,1,0
BRDA:201,28,0,0
BRDA:201,28,1,0
BRDA:207,29,0,0
BRDA:207,29,1,0
BRDA:227,30,0,0
BRDA:227,30,1,0
BRDA:229,31,0,0
BRDA:229,31,1,0
BRDA:238,32,0,0
BRDA:238,32,1,0
BRDA:239,33,0,0
BRDA:239,33,1,0
BRDA:239,34,0,0
BRDA:239,34,1,0
BRDA:243,35,0,0
BRDA:243,35,1,0
BRDA:246,36,0,0
BRDA:246,36,1,0
BRDA:264,37,0,0
BRDA:264,37,1,0
BRDA:278,38,0,0
BRDA:278,38,1,0
BRDA:282,39,0,0
BRDA:282,39,1,0
BRDA:292,40,0,0
BRDA:292,40,1,0
BRDA:316,41,0,0
BRDA:316,41,1,0
BRDA:320,42,0,0
BRDA:320,42,1,0
BRDA:331,43,0,0
BRDA:331,43,1,0
BRDA:353,44,0,0
BRDA:353,44,1,0
BRDA:357,45,0,0
BRDA:357,45,1,0
BRDA:378,46,0,0
BRDA:378,46,1,0
BRDA:378,46,2,0
BRDA:378,46,3,0
BRDA:382,47,0,0
BRDA:382,47,1,0
BRDA:396,48,0,0
BRDA:396,48,1,0
BRDA:400,49,0,0
BRDA:400,49,1,0
BRF:99
BRH:6
end_of_record
TN:
SF:src/routes/webhook-endpoints.ts
FN:31,(anonymous_0)
FN:48,(anonymous_1)
FN:53,(anonymous_2)
FN:63,(anonymous_3)
FN:87,(anonymous_4)
FN:132,(anonymous_5)
FN:183,(anonymous_6)
FN:222,(anonymous_7)
FN:277,(anonymous_8)
FN:365,(anonymous_9)
FNF:10
FNH:0
FNDA:0,(anonymous_0)
FNDA:0,(anonymous_1)
FNDA:0,(anonymous_2)
FNDA:0,(anonymous_3)
FNDA:0,(anonymous_4)
FNDA:0,(anonymous_5)
FNDA:0,(anonymous_6)
FNDA:0,(anonymous_7)
FNDA:0,(anonymous_8)
FNDA:0,(anonymous_9)
DA:6,1
DA:7,1
DA:8,1
DA:9,1
DA:10,1
DA:11,1
DA:12,1
DA:13,1
DA:14,1
DA:16,1
DA:22,1
DA:26,1
DA:28,1
DA:29,1
DA:30,1
DA:31,1
DA:32,0
DA:33,0
DA:34,0
DA:36,0
DA:37,0
DA:39,0
DA:40,0
DA:41,0
DA:42,0
DA:46,0
DA:47,0
DA:48,0
DA:49,0
DA:52,0
DA:54,0
DA:57,0
DA:61,0
DA:63,1
DA:64,0
DA:65,0
DA:67,0
DA:68,0
DA:69,0
DA:71,0
DA:72,0
DA:73,0
DA:76,0
DA:79,0
DA:81,0
DA:87,1
DA:88,0
DA:89,0
DA:90,0
DA:91,0
DA:96,0
DA:97,0
DA:98,0
DA:99,0
DA:105,0
DA:106,0
DA:107,0
DA:108,0
DA:109,0
DA:113,0
DA:116,0
DA:120,0
DA:121,0
DA:126,0
DA:132,1
DA:133,0
DA:134,0
DA:135,0
DA:136,0
DA:144,0
DA:145,0
DA:146,0
DA:150,0
DA:151,0
DA:154,0
DA:156,0
DA:165,0
DA:171,0
DA:174,0
DA:183,1
DA:184,0
DA:185,0
DA:186,0
DA:187,0
DA:191,0
DA:192,0
DA:210,0
DA:213,0
DA:222,1
DA:223,0
DA:224,0
DA:225,0
DA:226,0
DA:227,0
DA:232,0
DA:247,0
DA:248,0
DA:252,0
DA:262,0
DA:265,0
DA:268,0
DA:277,1
DA:278,0
DA:279,0
DA:280,0
DA:285,0
DA:286,0
DA:287,0
DA:291,0
DA:292,0
DA:293,0
DA:299,0
DA:300,0
DA:301,0
DA:306,0
DA:307,0
DA:308,0
DA:315,0
DA:316,0
DA:323,0
DA:328,0
DA:329,0
DA:348,0
DA:353,0
DA:356,0
DA:365,1
DA:366,0
DA:368,0
DA:369,0
DA:370,0
DA:374,0
DA:375,0
DA:379,0
DA:393,0
DA:396,0
DA:402,1
LF:136
LH:24
BRDA:17,0,0,1
BRDA:17,0,1,0
BRDA:18,1,0,1
BRDA:18,1,1,0
BRDA:19,2,0,1
BRDA:19,2,1,1
BRDA:20,3,0,1
BRDA:20,3,1,0
BRDA:23,4,0,1
BRDA:23,4,1,0
BRDA:32,5,0,0
BRDA:32,5,1,0
BRDA:36,6,0,0
BRDA:36,6,1,0
BRDA:36,7,0,0
BRDA:36,7,1,0
BRDA:36,7,2,0
BRDA:40,8,0,0
BRDA:40,8,1,0
BRDA:47,9,0,0
BRDA:47,9,1,0
BRDA:55,10,0,0
BRDA:55,10,1,0
BRDA:64,11,0,0
BRDA:64,11,1,0
BRDA:67,12,0,0
BRDA:67,12,1,0
BRDA:67,13,0,0
BRDA:67,13,1,0
BRDA:67,13,2,0
BRDA:77,14,0,0
BRDA:77,14,1,0
BRDA:97,15,0,0
BRDA:97,15,1,0
BRDA:107,16,0,0
BRDA:107,16,1,0
BRDA:117,17,0,0
BRDA:117,17,1,0
BRDA:118,18,0,0
BRDA:118,18,1,0
BRDA:120,19,0,0
BRDA:120,19,1,0
BRDA:123,20,0,0
BRDA:123,20,1,0
BRDA:135,21,0,0
BRDA:135,21,1,0
BRDA:145,22,0,0
BRDA:145,22,1,0
BRDA:150,23,0,0
BRDA:150,23,1,0
BRDA:158,24,0,0
BRDA:158,24,1,0
BRDA:161,25,0,0
BRDA:161,25,1,0
BRDA:167,26,0,0
BRDA:167,26,1,0
BRDA:172,27,0,0
BRDA:172,27,1,0
BRDA:176,28,0,0
BRDA:176,28,1,0
BRDA:186,29,0,0
BRDA:186,29,1,0
BRDA:198,30,0,0
BRDA:198,30,1,0
BRDA:200,31,0,0
BRDA:200,31,1,0
BRDA:211,32,0,0
BRDA:211,32,1,0
BRDA:215,33,0,0
BRDA:215,33,1,0
BRDA:226,34,0,0
BRDA:226,34,1,0
BRDA:266,35,0,0
BRDA:266,35,1,0
BRDA:270,36,0,0
BRDA:270,36,1,0
BRDA:279,37,0,0
BRDA:279,38,0,0
BRDA:281,39,0,0
BRDA:281,39,1,0
BRDA:286,40,0,0
BRDA:286,40,1,0
BRDA:292,41,0,0
BRDA:292,41,1,0
BRDA:299,42,0,0
BRDA:299,42,1,0
BRDA:300,43,0,0
BRDA:300,43,1,0
BRDA:306,44,0,0
BRDA:306,44,1,0
BRDA:307,45,0,0
BRDA:307,45,1,0
BRDA:307,46,0,0
BRDA:307,46,1,0
BRDA:315,47,0,0
BRDA:315,47,1,0
BRDA:315,48,0,0
BRDA:315,48,1,0
BRDA:328,49,0,0
BRDA:328,49,1,0
BRDA:328,50,0,0
BRDA:328,50,1,0
BRDA:328,51,0,0
BRDA:328,51,1,0
BRDA:328,52,0,0
BRDA:328,52,1,0
BRDA:337,53,0,0
BRDA:337,53,1,0
BRDA:344,54,0,0
BRDA:344,54,1,0
BRDA:354,55,0,0
BRDA:354,55,1,0
BRDA:358,56,0,0
BRDA:358,56,1,0
BRDA:369,57,0,0
BRDA:369,57,1,0
BRDA:394,58,0,0
BRDA:394,58,1,0
BRDA:398,59,0,0
BRDA:398,59,1,0
BRF:120
BRH:6
end_of_record
TN:
SF:src/routes/webhook-setup.ts
FN:20,(anonymous_0)
FN:31,(anonymous_1)
FN:50,(anonymous_2)
FN:81,(anonymous_3)
FN:98,(anonymous_4)
FN:99,(anonymous_5)
FN:124,(anonymous_6)
FN:137,(anonymous_7)
FN:167,(anonymous_8)
FN:225,(anonymous_9)
FN:272,(anonymous_10)
FN:314,(anonymous_11)
FNF:12
FNH:0
FNDA:0,(anonymous_0)
FNDA:0,(anonymous_1)
FNDA:0,(anonymous_2)
FNDA:0,(anonymous_3)
FNDA:0,(anonymous_4)
FNDA:0,(anonymous_5)
FNDA:0,(anonymous_6)
FNDA:0,(anonymous_7)
FNDA:0,(anonymous_8)
FNDA:0,(anonymous_9)
FNDA:0,(anonymous_10)
FNDA:0,(anonymous_11)
DA:6,1
DA:7,1
DA:8,1
DA:9,1
DA:10,1
DA:12,1
DA:19,1
DA:20,1
DA:21,0
DA:22,0
DA:23,0
DA:24,0
DA:26,0
DA:31,1
DA:32,0
DA:33,0
DA:34,0
DA:38,0
DA:39,0
DA:40,0
DA:45,0
DA:46,0
DA:50,0
DA:66,0
DA:69,0
DA:72,0
DA:81,1
DA:82,0
DA:83,0
DA:84,0
DA:85,0
DA:86,0
DA:90,0
DA:91,0
DA:98,0
DA:99,0
DA:112,0
DA:115,0
DA:124,1
DA:125,0
DA:126,0
DA:127,0
DA:128,0
DA:129,0
DA:133,0
DA:134,0
DA:137,0
DA:155,0
DA:158,0
DA:167,1
DA:168,0
DA:169,0
DA:170,0
DA:171,0
DA:172,0
DA:180,0
DA:185,0
DA:186,0
DA:187,0
DA:191,0
DA:192,0
DA:206,0
DA:212,0
DA:216,0
DA:225,1
DA:226,0
DA:227,0
DA:228,0
DA:229,0
DA:230,0
DA:234,0
DA:238,0
DA:239,0
DA:240,0
DA:244,0
DA:245,0
DA:254,0
DA:259,0
DA:263,0
DA:272,1
DA:273,0
DA:274,0
DA:275,0
DA:276,0
DA:277,0
DA:281,0
DA:282,0
DA:296,0
DA:302,0
DA:305,0
DA:314,1
DA:315,0
DA:316,0
DA:345,0
DA:348,0
DA:354,1
LF:96
LH:16
BRDA:13,0,0,1
BRDA:13,0,1,0
BRDA:14,1,0,1
BRDA:14,1,1,0
BRDA:15,2,0,1
BRDA:15,2,1,1
BRDA:16,3,0,1
BRDA:16,3,1,0
BRDA:21,4,0,0
BRDA:21,4,1,0
BRDA:21,5,0,0
BRDA:21,5,1,0
BRDA:22,6,0,0
BRDA:22,6,1,0
BRDA:22,7,0,0
BRDA:22,7,1,0
BRDA:22,8,0,0
BRDA:22,8,1,0
BRDA:33,9,0,0
BRDA:35,10,0,0
BRDA:35,10,1,0
BRDA:39,11,0,0
BRDA:39,11,1,0
BRDA:57,12,0,0
BRDA:57,12,1,0
BRDA:59,13,0,0
BRDA:59,13,1,0
BRDA:70,14,0,0
BRDA:70,14,1,0
BRDA:74,15,0,0
BRDA:74,15,1,0
BRDA:85,16,0,0
BRDA:85,16,1,0
BRDA:93,17,0,0
BRDA:93,17,1,0
BRDA:104,18,0,0
BRDA:104,18,1,0
BRDA:108,19,0,0
BRDA:108,19,1,0
BRDA:113,20,0,0
BRDA:113,20,1,0
BRDA:117,21,0,0
BRDA:117,21,1,0
BRDA:128,22,0,0
BRDA:128,22,1,0
BRDA:143,23,0,0
BRDA:143,23,1,0
BRDA:156,24,0,0
BRDA:156,24,1,0
BRDA:160,25,0,0
BRDA:160,25,1,0
BRDA:170,26,0,0
BRDA:171,27,0,0
BRDA:171,27,1,0
BRDA:186,28,0,0
BRDA:186,28,1,0
BRDA:214,29,0,0
BRDA:214,29,1,0
BRDA:218,30,0,0
BRDA:218,30,1,0
BRDA:229,31,0,0
BRDA:229,31,1,0
BRDA:239,32,0,0
BRDA:239,32,1,0
BRDA:261,33,0,0
BRDA:261,33,1,0
BRDA:265,34,0,0
BRDA:265,34,1,0
BRDA:276,35,0,0
BRDA:276,35,1,0
BRDA:283,36,0,0
BRDA:283,36,1,0
BRDA:294,37,0,0
BRDA:294,37,1,0
BRDA:303,38,0,0
BRDA:303,38,1,0
BRDA:307,39,0,0
BRDA:307,39,1,0
BRDA:320,40,0,0
BRDA:320,40,1,0
BRDA:323,41,0,0
BRDA:323,41,1,0
BRDA:324,42,0,0
BRDA:324,42,1,0
BRDA:346,43,0,0
BRDA:346,43,1,0
BRDA:350,44,0,0
BRDA:350,44,1,0
BRF:88
BRH:5
end_of_record
TN:
SF:src/services/codex-gpt5-provider.ts
FN:16,(anonymous_0)
FN:64,(anonymous_1)
FN:128,(anonymous_2)
FN:154,(anonymous_3)
FN:169,(anonymous_4)
FN:178,(anonymous_5)
FN:187,(anonymous_6)
FN:199,(anonymous_7)
FN:251,(anonymous_8)
FN:257,(anonymous_9)
FNF:10
FNH:4
FNDA:1,(anonymous_0)
FNDA:0,(anonymous_1)
FNDA:0,(anonymous_2)
FNDA:1,(anonymous_3)
FNDA:1,(anonymous_4)
FNDA:0,(anonymous_5)
FNDA:0,(anonymous_6)
FNDA:0,(anonymous_7)
FNDA:0,(anonymous_8)
FNDA:8,(anonymous_9)
DA:6,1
DA:7,1
DA:8,1
DA:9,1
DA:11,8
DA:12,8
DA:17,1
DA:18,1
DA:23,1
DA:28,1
DA:29,1
DA:30,1
DA:42,0
DA:46,0
DA:47,0
DA:65,0
DA:66,0
DA:69,0
DA:70,0
DA:75,0
DA:77,0
DA:78,0
DA:79,0
DA:81,0
DA:83,0
DA:84,0
DA:87,0
DA:95,0
DA:96,0
DA:101,0
DA:102,0
DA:106,0
DA:113,0
DA:117,0
DA:118,0
DA:129,0
DA:131,0
DA:133,0
DA:134,0
DA:135,0
DA:136,0
DA:137,0
DA:138,0
DA:140,0
DA:141,0
DA:144,0
DA:147,0
DA:148,0
DA:155,1
DA:156,0
DA:159,1
DA:160,1
DA:161,1
DA:162,1
DA:163,0
DA:164,1
DA:171,1
DA:172,1
DA:173,1
DA:180,0
DA:181,0
DA:182,0
DA:189,0
DA:190,0
DA:191,0
DA:200,0
DA:201,0
DA:220,0
DA:221,0
DA:234,0
DA:252,0
DA:255,1
DA:257,1
DA:258,8
DA:260,1
LF:75
LH:25
BRDA:26,0,0,1
BRDA:26,0,1,0
BRDA:50,1,0,0
BRDA:50,1,1,0
BRDA:69,2,0,0
BRDA:69,2,1,0
BRDA:114,3,0,0
BRDA:114,3,1,0
BRDA:136,4,0,0
BRDA:136,4,1,0
BRDA:136,5,0,0
BRDA:136,5,1,0
BRDA:140,6,0,0
BRDA:140,6,1,0
BRDA:144,7,0,0
BRDA:144,7,1,0
BRDA:155,8,0,0
BRDA:155,8,1,1
BRDA:155,9,0,1
BRDA:155,9,1,1
BRDA:155,9,2,1
BRDA:160,10,0,1
BRDA:160,10,1,1
BRDA:160,10,2,1
BRDA:162,11,0,0
BRDA:162,11,1,1
BRDA:200,12,0,0
BRDA:200,12,1,0
BRDA:200,13,0,0
BRDA:200,13,1,0
BRDA:200,13,2,0
BRDA:220,14,0,0
BRDA:220,14,1,0
BRDA:220,15,0,0
BRDA:220,15,1,0
BRF:35
BRH:9
end_of_record
TN:
SF:src/services/codex-mcp-wrapper.ts
FN:8,(anonymous_0)
FN:14,(anonymous_1)
FN:64,(anonymous_2)
FN:120,(anonymous_3)
FN:126,(anonymous_4)
FN:127,(anonymous_5)
FN:136,(anonymous_6)
FN:146,(anonymous_7)
FN:176,(anonymous_8)
FN:180,(anonymous_9)
FN:193,(anonymous_10)
FN:214,(anonymous_11)
FN:232,(anonymous_12)
FN:238,(anonymous_13)
FN:245,(anonymous_14)
FNF:15
FNH:0
FNDA:0,(anonymous_0)
FNDA:0,(anonymous_1)
FNDA:0,(anonymous_2)
FNDA:0,(anonymous_3)
FNDA:0,(anonymous_4)
FNDA:0,(anonymous_5)
FNDA:0,(anonymous_6)
FNDA:0,(anonymous_7)
FNDA:0,(anonymous_8)
FNDA:0,(anonymous_9)
FNDA:0,(anonymous_10)
FNDA:0,(anonymous_11)
FNDA:0,(anonymous_12)
FNDA:0,(anonymous_13)
FNDA:0,(anonymous_14)
DA:2,0
DA:3,0
DA:4,0
DA:5,0
DA:9,0
DA:15,0
DA:17,0
DA:24,0
DA:36,0
DA:37,0
DA:39,0
DA:40,0
DA:43,0
DA:45,0
DA:52,0
DA:53,0
DA:65,0
DA:67,0
DA:68,0
DA:69,0
DA:77,0
DA:78,0
DA:80,0
DA:92,0
DA:93,0
DA:95,0
DA:96,0
DA:99,0
DA:101,0
DA:108,0
DA:109,0
DA:121,0
DA:127,0
DA:128,0
DA:131,0
DA:132,0
DA:133,0
DA:134,0
DA:136,0
DA:137,0
DA:138,0
DA:146,0
DA:147,0
DA:149,0
DA:150,0
DA:151,0
DA:152,0
DA:153,0
DA:154,0
DA:155,0
DA:157,0
DA:158,0
DA:159,0
DA:162,0
DA:164,0
DA:165,0
DA:176,0
DA:177,0
DA:180,0
DA:181,0
DA:182,0
DA:183,0
DA:193,0
DA:194,0
DA:195,0
DA:203,0
DA:207,0
DA:208,0
DA:215,0
DA:217,0
DA:218,0
DA:219,0
DA:220,0
DA:222,0
DA:223,0
DA:226,0
DA:227,0
DA:233,0
DA:239,0
DA:242,0
DA:244,0
DA:245,0
DA:246,0
DA:247,0
DA:249,0
DA:251,0
LF:86
LH:0
BRDA:19,0,0,0
BRDA:19,0,1,0
BRDA:20,1,0,0
BRDA:20,1,1,0
BRDA:37,2,0,0
BRDA:37,2,1,0
BRDA:37,3,0,0
BRDA:37,3,1,0
BRDA:57,4,0,0
BRDA:57,4,1,0
BRDA:68,5,0,0
BRDA:68,5,1,0
BRDA:73,6,0,0
BRDA:73,6,1,0
BRDA:93,7,0,0
BRDA:93,7,1,0
BRDA:93,8,0,0
BRDA:93,8,1,0
BRDA:113,9,0,0
BRDA:113,9,1,0
BRDA:151,10,0,0
BRDA:151,10,1,0
BRDA:154,11,0,0
BRDA:154,11,1,0
BRDA:158,12,0,0
BRDA:158,12,1,0
BRDA:162,13,0,0
BRDA:162,13,1,0
BRDA:162,14,0,0
BRDA:162,14,1,0
BRDA:164,15,0,0
BRDA:164,15,1,0
BRDA:164,16,0,0
BRDA:164,16,1,0
BRDA:182,17,0,0
BRDA:182,17,1,0
BRDA:187,18,0,0
BRDA:187,18,1,0
BRDA:188,19,0,0
BRDA:188,19,1,0
BRDA:188,20,0,0
BRDA:188,20,1,0
BRDA:219,21,0,0
BRDA:219,21,1,0
BRDA:222,22,0,0
BRDA:222,22,1,0
BRDA:246,23,0,0
BRDA:246,23,1,0
BRF:48
BRH:0
end_of_record
TN:
SF:src/services/codex-session-manager.ts
FN:12,(anonymous_0)
FN:18,(anonymous_1)
FN:53,(anonymous_2)
FN:68,(anonymous_3)
FN:99,(anonymous_4)
FN:114,(anonymous_5)
FN:126,(anonymous_6)
FN:133,(anonymous_7)
FN:145,(anonymous_8)
FN:151,(anonymous_9)
FN:171,(anonymous_10)
FN:195,(anonymous_11)
FN:214,(anonymous_12)
FNF:13
FNH:0
FNDA:0,(anonymous_0)
FNDA:0,(anonymous_1)
FNDA:0,(anonymous_2)
FNDA:0,(anonymous_3)
FNDA:0,(anonymous_4)
FNDA:0,(anonymous_5)
FNDA:0,(anonymous_6)
FNDA:0,(anonymous_7)
FNDA:0,(anonymous_8)
FNDA:0,(anonymous_9)
FNDA:0,(anonymous_10)
FNDA:0,(anonymous_11)
FNDA:0,(anonymous_12)
DA:2,0
DA:3,0
DA:4,0
DA:5,0
DA:8,0
DA:9,0
DA:10,0
DA:11,0
DA:13,0
DA:19,0
DA:20,0
DA:21,0
DA:22,0
DA:39,0
DA:41,0
DA:45,0
DA:46,0
DA:48,0
DA:55,0
DA:56,0
DA:58,0
DA:59,0
DA:60,0
DA:63,0
DA:69,0
DA:70,0
DA:71,0
DA:73,0
DA:74,0
DA:75,0
DA:78,0
DA:79,0
DA:80,0
DA:86,0
DA:87,0
DA:88,0
DA:89,0
DA:91,0
DA:93,0
DA:94,0
DA:100,0
DA:101,0
DA:102,0
DA:104,0
DA:109,0
DA:115,0
DA:116,0
DA:117,0
DA:119,0
DA:120,0
DA:121,0
DA:127,0
DA:128,0
DA:134,0
DA:135,0
DA:137,0
DA:140,0
DA:146,0
DA:152,0
DA:154,0
DA:156,0
DA:158,0
DA:159,0
DA:160,0
DA:161,0
DA:162,0
DA:166,0
DA:172,0
DA:173,0
DA:174,0
DA:175,0
DA:176,0
DA:177,0
DA:178,0
DA:179,0
DA:180,0
DA:181,0
DA:182,0
DA:186,0
DA:196,0
DA:197,0
DA:198,0
DA:199,0
DA:200,0
DA:201,0
DA:202,0
DA:203,0
DA:206,0
DA:211,0
DA:213,0
DA:214,0
DA:215,0
DA:216,0
DA:218,0
DA:220,0
LF:95
LH:0
BRDA:28,0,0,0
BRDA:28,0,1,0
BRDA:29,1,0,0
BRDA:29,1,1,0
BRDA:45,2,0,0
BRDA:45,2,1,0
BRDA:56,3,0,0
BRDA:56,3,1,0
BRDA:59,4,0,0
BRDA:59,4,1,0
BRDA:69,5,0,0
BRDA:69,5,1,0
BRDA:70,6,0,0
BRDA:70,6,1,0
BRDA:74,7,0,0
BRDA:74,7,1,0
BRDA:86,8,0,0
BRDA:86,8,1,0
BRDA:88,9,0,0
BRDA:88,9,1,0
BRDA:101,10,0,0
BRDA:101,10,1,0
BRDA:116,11,0,0
BRDA:116,11,1,0
BRDA:128,12,0,0
BRDA:128,12,1,0
BRDA:135,13,0,0
BRDA:135,13,1,0
BRDA:158,14,0,0
BRDA:158,14,1,0
BRDA:178,15,0,0
BRDA:178,15,1,0
BRDA:180,16,0,0
BRDA:180,16,1,0
BRDA:200,17,0,0
BRDA:200,17,1,0
BRDA:215,18,0,0
BRDA:215,18,1,0
BRF:38
BRH:0
end_of_record
TN:
SF:src/services/consensus-engine.ts
FN:18,(anonymous_0)
FN:33,(anonymous_1)
FN:39,(anonymous_2)
FN:42,(anonymous_3)
FN:49,(anonymous_4)
FN:56,(anonymous_5)
FN:58,(anonymous_6)
FN:83,(anonymous_7)
FN:84,(anonymous_8)
FN:86,(anonymous_9)
FN:87,(anonymous_10)
FN:94,(anonymous_11)
FN:105,(anonymous_12)
FN:106,(anonymous_13)
FN:107,(anonymous_14)
FN:129,(anonymous_15)
FN:130,(anonymous_16)
FN:131,(anonymous_17)
FN:132,(anonymous_18)
FNF:19
FNH:19
FNDA:3,(anonymous_0)
FNDA:5,(anonymous_1)
FNDA:4,(anonymous_2)
FNDA:23,(anonymous_3)
FNDA:3,(anonymous_4)
FNDA:1,(anonymous_5)
FNDA:3,(anonymous_6)
FNDA:2,(anonymous_7)
FNDA:3,(anonymous_8)
FNDA:3,(anonymous_9)
FNDA:3,(anonymous_10)
FNDA:2,(anonymous_11)
FNDA:3,(anonymous_12)
FNDA:3,(anonymous_13)
FNDA:3,(anonymous_14)
FNDA:2,(anonymous_15)
FNDA:3,(anonymous_16)
FNDA:3,(anonymous_17)
FNDA:3,(anonymous_18)
DA:6,1
DA:7,1
DA:8,1
DA:14,6
DA:19,3
DA:20,5
DA:21,5
DA:22,5
DA:23,9
DA:24,4
DA:25,4
DA:26,4
DA:29,5
DA:31,3
DA:33,5
DA:40,4
DA:41,4
DA:42,23
DA:43,4
DA:44,4
DA:50,3
DA:51,1
DA:54,2
DA:56,2
DA:58,3
DA:59,2
DA:61,2
DA:62,2
DA:68,2
DA:73,2
DA:78,2
DA:84,3
DA:85,2
DA:86,3
DA:87,3
DA:89,2
DA:95,2
DA:96,0
DA:105,3
DA:106,3
DA:107,3
DA:108,2
DA:109,2
DA:111,2
DA:112,1
DA:114,1
DA:115,0
DA:118,1
DA:120,2
DA:130,3
DA:131,3
DA:132,3
DA:135,1
LF:53
LH:51
BRDA:23,0,0,4
BRDA:23,0,1,5
BRDA:29,1,0,4
BRDA:29,1,1,1
BRDA:44,2,0,4
BRDA:44,2,1,0
BRDA:49,3,0,0
BRDA:49,4,0,0
BRDA:50,5,0,1
BRDA:50,5,1,2
BRDA:56,6,0,0
BRDA:56,6,1,1
BRDA:61,7,0,2
BRDA:61,7,1,0
BRDA:61,8,0,2
BRDA:61,8,1,2
BRDA:95,9,0,0
BRDA:95,9,1,2
BRDA:111,10,0,1
BRDA:111,10,1,1
BRDA:111,11,0,2
BRDA:111,11,1,1
BRDA:114,12,0,0
BRDA:114,12,1,1
BRDA:114,13,0,1
BRDA:114,13,1,0
BRF:26
BRH:18
end_of_record
TN:
SF:src/services/context7-cache.ts
FN:9,(anonymous_0)
FN:23,(anonymous_1)
FN:40,(anonymous_2)
FN:49,(anonymous_3)
FN:60,(anonymous_4)
FN:67,(anonymous_5)
FN:71,(anonymous_6)
FN:78,(anonymous_7)
FN:82,(anonymous_8)
FN:89,(anonymous_9)
FN:107,(anonymous_10)
FN:130,(anonymous_11)
FN:138,getCachedOrFetchLibraryId
FNF:13
FNH:0
FNDA:0,(anonymous_0)
FNDA:0,(anonymous_1)
FNDA:0,(anonymous_2)
FNDA:0,(anonymous_3)
FNDA:0,(anonymous_4)
FNDA:0,(anonymous_5)
FNDA:0,(anonymous_6)
FNDA:0,(anonymous_7)
FNDA:0,(anonymous_8)
FNDA:0,(anonymous_9)
FNDA:0,(anonymous_10)
FNDA:0,(anonymous_11)
FNDA:0,getCachedOrFetchLibraryId
DA:2,0
DA:3,0
DA:4,0
DA:6,0
DA:7,0
DA:8,0
DA:10,0
DA:11,0
DA:12,0
DA:13,0
DA:14,0
DA:16,0
DA:19,0
DA:20,0
DA:24,0
DA:25,0
DA:26,0
DA:34,0
DA:37,0
DA:41,0
DA:42,0
DA:43,0
DA:46,0
DA:50,0
DA:51,0
DA:52,0
DA:53,0
DA:54,0
DA:55,0
DA:56,0
DA:57,0
DA:60,0
DA:63,0
DA:64,0
DA:68,0
DA:69,0
DA:70,0
DA:71,0
DA:74,0
DA:75,0
DA:79,0
DA:80,0
DA:83,0
DA:84,0
DA:85,0
DA:86,0
DA:87,0
DA:88,0
DA:89,0
DA:90,0
DA:98,0
DA:99,0
DA:108,0
DA:109,0
DA:110,0
DA:111,0
DA:112,0
DA:113,0
DA:114,0
DA:115,0
DA:116,0
DA:119,0
DA:122,0
DA:123,0
DA:127,0
DA:129,0
DA:130,0
DA:131,0
DA:132,0
DA:134,0
DA:136,0
DA:139,0
DA:141,0
DA:142,0
DA:143,0
DA:146,0
DA:147,0
DA:148,0
DA:149,0
DA:152,0
DA:153,0
DA:156,0
LF:82
LH:0
BRDA:13,0,0,0
BRDA:13,0,1,0
BRDA:13,1,0,0
BRDA:13,1,1,0
BRDA:23,2,0,0
BRDA:29,3,0,0
BRDA:29,3,1,0
BRDA:30,4,0,0
BRDA:30,4,1,0
BRDA:31,5,0,0
BRDA:31,5,1,0
BRDA:56,6,0,0
BRDA:56,6,1,0
BRDA:56,7,0,0
BRDA:56,7,1,0
BRDA:71,8,0,0
BRDA:71,8,1,0
BRDA:114,9,0,0
BRDA:114,9,1,0
BRDA:114,10,0,0
BRDA:114,10,1,0
BRDA:131,11,0,0
BRDA:131,11,1,0
BRDA:142,12,0,0
BRDA:142,12,1,0
BRF:25
BRH:0
end_of_record
TN:
SF:src/services/cost-tracking.ts
FN:13,(anonymous_0)
FN:41,(anonymous_1)
FN:43,(anonymous_2)
FN:63,(anonymous_3)
FN:91,(anonymous_4)
FN:105,(anonymous_5)
FN:109,(anonymous_6)
FN:118,(anonymous_7)
FN:121,(anonymous_8)
FN:137,(anonymous_9)
FN:140,(anonymous_10)
FN:158,(anonymous_11)
FN:162,(anonymous_12)
FN:173,(anonymous_13)
FN:182,(anonymous_14)
FN:185,(anonymous_15)
FN:186,(anonymous_16)
FN:189,(anonymous_17)
FN:201,(anonymous_18)
FN:213,(anonymous_19)
FN:214,(anonymous_20)
FN:216,(anonymous_21)
FN:218,(anonymous_22)
FN:220,(anonymous_23)
FN:226,(anonymous_24)
FN:232,(anonymous_25)
FN:235,(anonymous_26)
FN:238,(anonymous_27)
FN:243,(anonymous_28)
FN:252,(anonymous_29)
FN:255,(anonymous_30)
FN:266,(anonymous_31)
FN:268,(anonymous_32)
FN:273,(anonymous_33)
FN:277,(anonymous_34)
FN:282,(anonymous_35)
FN:316,(anonymous_36)
FN:320,(anonymous_37)
FN:329,(anonymous_38)
FN:336,(anonymous_39)
FN:348,(anonymous_40)
FN:355,(anonymous_41)
FN:356,(anonymous_42)
FNF:43
FNH:1
FNDA:1,(anonymous_0)
FNDA:0,(anonymous_1)
FNDA:0,(anonymous_2)
FNDA:0,(anonymous_3)
FNDA:0,(anonymous_4)
FNDA:0,(anonymous_5)
FNDA:0,(anonymous_6)
FNDA:0,(anonymous_7)
FNDA:0,(anonymous_8)
FNDA:0,(anonymous_9)
FNDA:0,(anonymous_10)
FNDA:0,(anonymous_11)
FNDA:0,(anonymous_12)
FNDA:0,(anonymous_13)
FNDA:0,(anonymous_14)
FNDA:0,(anonymous_15)
FNDA:0,(anonymous_16)
FNDA:0,(anonymous_17)
FNDA:0,(anonymous_18)
FNDA:0,(anonymous_19)
FNDA:0,(anonymous_20)
FNDA:0,(anonymous_21)
FNDA:0,(anonymous_22)
FNDA:0,(anonymous_23)
FNDA:0,(anonymous_24)
FNDA:0,(anonymous_25)
FNDA:0,(anonymous_26)
FNDA:0,(anonymous_27)
FNDA:0,(anonymous_28)
FNDA:0,(anonymous_29)
FNDA:0,(anonymous_30)
FNDA:0,(anonymous_31)
FNDA:0,(anonymous_32)
FNDA:0,(anonymous_33)
FNDA:0,(anonymous_34)
FNDA:0,(anonymous_35)
FNDA:0,(anonymous_36)
FNDA:0,(anonymous_37)
FNDA:0,(anonymous_38)
FNDA:0,(anonymous_39)
FNDA:0,(anonymous_40)
FNDA:0,(anonymous_41)
FNDA:0,(anonymous_42)
DA:2,1
DA:3,1
DA:4,1
DA:5,1
DA:6,1
DA:14,1
DA:15,1
DA:16,1
DA:17,1
DA:19,1
DA:41,1
DA:44,0
DA:48,0
DA:50,0
DA:52,0
DA:53,0
DA:55,0
DA:56,0
DA:59,0
DA:61,0
DA:64,0
DA:65,0
DA:75,0
DA:76,0
DA:78,0
DA:80,0
DA:81,0
DA:89,0
DA:92,0
DA:93,0
DA:94,0
DA:105,0
DA:106,0
DA:108,0
DA:109,0
DA:110,0
DA:114,0
DA:115,0
DA:116,0
DA:118,0
DA:121,0
DA:122,0
DA:138,0
DA:139,0
DA:140,0
DA:141,0
DA:142,0
DA:144,0
DA:146,0
DA:147,0
DA:158,0
DA:159,0
DA:161,0
DA:162,0
DA:163,0
DA:167,0
DA:168,0
DA:169,0
DA:172,0
DA:173,0
DA:174,0
DA:178,0
DA:179,0
DA:180,0
DA:182,0
DA:185,0
DA:186,0
DA:189,0
DA:190,0
DA:202,0
DA:203,0
DA:204,0
DA:206,0
DA:207,0
DA:214,0
DA:217,0
DA:218,0
DA:221,0
DA:222,0
DA:224,0
DA:225,0
DA:226,0
DA:227,0
DA:228,0
DA:230,0
DA:232,0
DA:236,0
DA:237,0
DA:238,0
DA:239,0
DA:240,0
DA:242,0
DA:243,0
DA:244,0
DA:248,0
DA:249,0
DA:250,0
DA:252,0
DA:255,0
DA:256,0
DA:257,0
DA:267,0
DA:268,0
DA:269,0
DA:270,0
DA:274,0
DA:275,0
DA:276,0
DA:277,0
DA:278,0
DA:280,0
DA:283,0
DA:284,0
DA:285,0
DA:286,0
DA:287,0
DA:288,0
DA:289,0
DA:291,0
DA:292,0
DA:293,0
DA:295,0
DA:296,0
DA:297,0
DA:299,0
DA:300,0
DA:308,0
DA:310,0
DA:311,0
DA:313,0
DA:317,0
DA:318,0
DA:319,0
DA:320,0
DA:321,0
DA:322,0
DA:325,0
DA:329,0
DA:330,0
DA:337,0
DA:341,0
DA:349,0
DA:350,0
DA:356,0
DA:362,1
DA:363,1
LF:146
LH:13
BRDA:43,0,0,0
BRDA:44,1,0,0
BRDA:44,1,1,0
BRDA:50,2,0,0
BRDA:50,2,1,0
BRDA:50,2,2,0
BRDA:63,3,0,0
BRDA:75,4,0,0
BRDA:75,4,1,0
BRDA:91,5,0,0
BRDA:93,6,0,0
BRDA:93,6,1,0
BRDA:110,7,0,0
BRDA:110,7,1,0
BRDA:137,8,0,0
BRDA:146,9,0,0
BRDA:146,9,1,0
BRDA:163,10,0,0
BRDA:163,10,1,0
BRDA:174,11,0,0
BRDA:174,11,1,0
BRDA:201,12,0,0
BRDA:216,13,0,0
BRDA:220,14,0,0
BRDA:221,15,0,0
BRDA:221,15,1,0
BRDA:244,16,0,0
BRDA:244,16,1,0
BRDA:267,17,0,0
BRDA:267,17,1,0
BRDA:283,18,0,0
BRDA:283,18,1,0
BRDA:287,19,0,0
BRDA:287,19,1,0
BRDA:291,20,0,0
BRDA:291,20,1,0
BRDA:295,21,0,0
BRDA:295,21,1,0
BRDA:299,22,0,0
BRDA:299,22,1,0
BRDA:310,23,0,0
BRDA:310,23,1,0
BRDA:321,24,0,0
BRDA:321,24,1,0
BRF:44
BRH:0
end_of_record
TN:
SF:src/services/embedding-service.ts
FN:10,(anonymous_0)
FN:15,(anonymous_1)
FN:23,(anonymous_2)
FN:57,(anonymous_3)
FN:104,(anonymous_4)
FN:105,(anonymous_5)
FN:111,(anonymous_6)
FN:140,(anonymous_7)
FN:140,(anonymous_8)
FN:159,(anonymous_9)
FN:164,(anonymous_10)
FN:168,(anonymous_11)
FN:172,(anonymous_12)
FN:175,(anonymous_13)
FN:177,(anonymous_14)
FN:197,(anonymous_15)
FN:204,(anonymous_16)
FN:208,(anonymous_17)
FN:209,(anonymous_18)
FN:211,(anonymous_19)
FN:222,(anonymous_20)
FN:224,(anonymous_21)
FN:235,(anonymous_22)
FN:246,(anonymous_23)
FN:260,(anonymous_24)
FN:262,(anonymous_25)
FN:264,(anonymous_26)
FN:265,(anonymous_27)
FN:271,(anonymous_28)
FN:275,(anonymous_29)
FNF:30
FNH:2
FNDA:1,(anonymous_0)
FNDA:2,(anonymous_1)
FNDA:0,(anonymous_2)
FNDA:0,(anonymous_3)
FNDA:0,(anonymous_4)
FNDA:0,(anonymous_5)
FNDA:0,(anonymous_6)
FNDA:0,(anonymous_7)
FNDA:0,(anonymous_8)
FNDA:0,(anonymous_9)
FNDA:0,(anonymous_10)
FNDA:0,(anonymous_11)
FNDA:0,(anonymous_12)
FNDA:0,(anonymous_13)
FNDA:0,(anonymous_14)
FNDA:0,(anonymous_15)
FNDA:0,(anonymous_16)
FNDA:0,(anonymous_17)
FNDA:0,(anonymous_18)
FNDA:0,(anonymous_19)
FNDA:0,(anonymous_20)
FNDA:0,(anonymous_21)
FNDA:0,(anonymous_22)
FNDA:0,(anonymous_23)
FNDA:0,(anonymous_24)
FNDA:0,(anonymous_25)
FNDA:0,(anonymous_26)
FNDA:0,(anonymous_27)
FNDA:0,(anonymous_28)
FNDA:0,(anonymous_29)
DA:2,1
DA:3,1
DA:4,1
DA:5,1
DA:11,1
DA:12,1
DA:15,2
DA:21,1
DA:24,0
DA:25,0
DA:27,0
DA:28,0
DA:29,0
DA:30,0
DA:31,0
DA:35,0
DA:46,0
DA:47,0
DA:48,0
DA:49,0
DA:50,0
DA:51,0
DA:52,0
DA:56,0
DA:57,0
DA:58,0
DA:64,0
DA:65,0
DA:66,0
DA:69,0
DA:75,0
DA:76,0
DA:77,0
DA:78,0
DA:79,0
DA:82,0
DA:86,0
DA:95,0
DA:96,0
DA:97,0
DA:102,0
DA:105,0
DA:106,0
DA:107,0
DA:111,0
DA:112,0
DA:113,0
DA:114,0
DA:115,0
DA:122,0
DA:134,0
DA:137,0
DA:140,0
DA:141,0
DA:142,0
DA:145,0
DA:146,0
DA:148,0
DA:152,0
DA:157,0
DA:160,0
DA:161,0
DA:163,0
DA:164,0
DA:166,0
DA:168,0
DA:170,0
DA:172,0
DA:175,0
DA:178,0
DA:179,0
DA:180,0
DA:181,0
DA:186,0
DA:187,0
DA:190,0
DA:195,0
DA:198,0
DA:199,0
DA:200,0
DA:202,0
DA:205,0
DA:206,0
DA:209,0
DA:212,0
DA:213,0
DA:215,0
DA:216,0
DA:217,0
DA:218,0
DA:219,0
DA:222,0
DA:224,0
DA:225,0
DA:226,0
DA:227,0
DA:229,0
DA:236,0
DA:237,0
DA:238,0
DA:239,0
DA:240,0
DA:241,0
DA:242,0
DA:244,0
DA:247,0
DA:248,0
DA:249,0
DA:250,0
DA:251,0
DA:253,0
DA:254,0
DA:257,0
DA:261,0
DA:262,0
DA:265,0
DA:266,0
DA:267,0
DA:268,0
DA:272,0
DA:273,0
DA:276,0
DA:282,1
DA:283,1
LF:124
LH:10
BRDA:24,0,0,0
BRDA:24,0,1,0
BRDA:25,1,0,0
BRDA:25,1,1,0
BRDA:27,2,0,0
BRDA:27,2,1,0
BRDA:30,3,0,0
BRDA:30,3,1,0
BRDA:30,4,0,0
BRDA:30,4,1,0
BRDA:72,5,0,0
BRDA:72,5,1,0
BRDA:76,6,0,0
BRDA:76,6,1,0
BRDA:95,7,0,0
BRDA:95,7,1,0
BRDA:105,8,0,0
BRDA:105,8,1,0
BRDA:106,9,0,0
BRDA:106,9,1,0
BRDA:125,10,0,0
BRDA:125,10,1,0
BRDA:135,11,0,0
BRDA:135,11,1,0
BRDA:141,12,0,0
BRDA:141,12,1,0
BRDA:145,13,0,0
BRDA:145,13,1,0
BRDA:145,14,0,0
BRDA:145,14,1,0
BRDA:146,15,0,0
BRDA:146,15,1,0
BRDA:163,16,0,0
BRDA:163,16,1,0
BRDA:163,17,0,0
BRDA:163,17,1,0
BRDA:164,18,0,0
BRDA:164,18,1,0
BRDA:166,19,0,0
BRDA:166,19,1,0
BRDA:168,20,0,0
BRDA:168,20,1,0
BRDA:170,21,0,0
BRDA:170,21,1,0
BRDA:172,22,0,0
BRDA:172,22,1,0
BRDA:175,23,0,0
BRDA:175,23,1,0
BRDA:191,24,0,0
BRDA:191,24,1,0
BRDA:209,25,0,0
BRDA:209,25,1,0
BRDA:212,26,0,0
BRDA:212,26,1,0
BRDA:227,27,0,0
BRDA:227,27,1,0
BRDA:249,28,0,0
BRDA:249,28,1,0
BRDA:250,29,0,0
BRDA:250,29,1,0
BRDA:253,30,0,0
BRDA:253,30,1,0
BRDA:266,31,0,0
BRDA:266,31,1,0
BRF:64
BRH:0
end_of_record
TN:
SF:src/services/googledrive-connector.ts
FN:6,(anonymous_0)
FN:10,(anonymous_1)
FN:13,(anonymous_2)
FN:17,(anonymous_3)
FN:19,(anonymous_4)
FN:22,(anonymous_5)
FN:29,(anonymous_6)
FN:48,(anonymous_7)
FN:70,(anonymous_8)
FN:84,(anonymous_9)
FN:107,(anonymous_10)
FN:207,(anonymous_11)
FN:209,(anonymous_12)
FN:262,(anonymous_13)
FN:269,(anonymous_14)
FN:302,(anonymous_15)
FN:354,(anonymous_16)
FN:367,(anonymous_17)
FN:407,(anonymous_18)
FN:430,(anonymous_19)
FN:461,(anonymous_20)
FN:491,(anonymous_21)
FN:530,(anonymous_22)
FN:601,(anonymous_23)
FN:607,(anonymous_24)
FN:628,(anonymous_25)
FN:669,(anonymous_26)
FNF:27
FNH:11
FNDA:98,(anonymous_0)
FNDA:8,(anonymous_1)
FNDA:0,(anonymous_2)
FNDA:4,(anonymous_3)
FNDA:0,(anonymous_4)
FNDA:4,(anonymous_5)
FNDA:2,(anonymous_6)
FNDA:3,(anonymous_7)
FNDA:1,(anonymous_8)
FNDA:1,(anonymous_9)
FNDA:2,(anonymous_10)
FNDA:0,(anonymous_11)
FNDA:0,(anonymous_12)
FNDA:2,(anonymous_13)
FNDA:0,(anonymous_14)
FNDA:2,(anonymous_15)
FNDA:0,(anonymous_16)
FNDA:0,(anonymous_17)
FNDA:0,(anonymous_18)
FNDA:0,(anonymous_19)
FNDA:0,(anonymous_20)
FNDA:0,(anonymous_21)
FNDA:0,(anonymous_22)
FNDA:0,(anonymous_23)
FNDA:0,(anonymous_24)
FNDA:0,(anonymous_25)
FNDA:0,(anonymous_26)
DA:6,2
DA:7,98
DA:8,98
DA:9,98
DA:10,98
DA:12,98
DA:14,0
DA:15,0
DA:17,2
DA:18,4
DA:20,0
DA:22,2
DA:23,4
DA:24,4
DA:25,98
DA:26,4
DA:27,4
DA:29,2
DA:30,2
DA:32,2
DA:33,2
DA:34,2
DA:35,2
DA:36,2
DA:37,2
DA:38,2
DA:39,2
DA:40,2
DA:41,2
DA:49,3
DA:50,3
DA:52,3
DA:53,3
DA:57,3
DA:62,3
DA:71,1
DA:72,1
DA:77,1
DA:78,1
DA:84,1
DA:92,1
DA:95,1
DA:98,0
DA:101,0
DA:108,2
DA:109,2
DA:113,2
DA:117,1
DA:128,1
DA:129,1
DA:130,1
DA:131,0
DA:133,1
DA:135,1
DA:137,0
DA:141,0
DA:143,1
DA:145,0
DA:149,0
DA:151,1
DA:153,0
DA:157,0
DA:161,1
DA:162,1
DA:168,1
DA:170,1
DA:171,1
DA:177,1
DA:178,1
DA:179,1
DA:182,0
DA:184,1
DA:191,0
DA:192,0
DA:193,0
DA:196,0
DA:197,0
DA:198,0
DA:200,0
DA:207,0
DA:208,0
DA:209,0
DA:210,0
DA:213,0
DA:217,0
DA:218,0
DA:225,0
DA:226,0
DA:227,0
DA:232,0
DA:240,1
DA:244,1
DA:252,1
DA:256,1
DA:263,2
DA:264,2
DA:268,2
DA:269,2
DA:270,2
DA:271,0
DA:275,0
DA:278,2
DA:285,2
DA:289,2
DA:292,0
DA:296,0
DA:303,2
DA:311,2
DA:312,2
DA:317,2
DA:318,2
DA:322,2
DA:323,2
DA:325,2
DA:327,0
DA:331,2
DA:333,2
DA:335,2
DA:336,2
DA:341,2
DA:345,2
DA:346,2
DA:350,2
DA:354,0
DA:355,0
DA:359,0
DA:364,0
DA:368,0
DA:369,0
DA:373,0
DA:374,0
DA:375,0
DA:377,0
DA:378,0
DA:381,0
DA:383,0
DA:384,0
DA:385,0
DA:387,0
DA:388,0
DA:390,0
DA:396,0
DA:401,0
DA:408,0
DA:409,0
DA:415,0
DA:417,0
DA:418,0
DA:419,0
DA:420,0
DA:421,0
DA:423,0
DA:424,0
DA:425,0
DA:430,0
DA:431,0
DA:433,0
DA:435,0
DA:436,0
DA:437,0
DA:438,0
DA:439,0
DA:445,0
DA:446,0
DA:447,0
DA:452,0
DA:460,0
DA:461,0
DA:464,0
DA:471,0
DA:480,0
DA:485,0
DA:492,0
DA:493,0
DA:494,0
DA:495,0
DA:496,0
DA:497,0
DA:498,0
DA:499,0
DA:504,0
DA:510,0
DA:511,0
DA:515,0
DA:521,0
DA:531,0
DA:532,0
DA:538,0
DA:540,0
DA:541,0
DA:554,0
DA:557,0
DA:558,0
DA:566,0
DA:569,0
DA:570,0
DA:571,0
DA:577,0
DA:597,0
DA:601,0
DA:603,0
DA:607,0
DA:610,0
DA:616,0
DA:621,0
DA:629,0
DA:630,0
DA:631,0
DA:637,0
DA:638,0
DA:641,0
DA:642,0
DA:669,0
DA:670,0
DA:676,0
DA:682,0
DA:689,0
DA:693,0
DA:697,2
DA:698,2
LF:220
LH:89
BRDA:6,0,0,2
BRDA:6,0,1,2
BRDA:6,0,2,2
BRDA:6,1,0,2
BRDA:6,1,1,0
BRDA:7,2,0,98
BRDA:7,2,1,0
BRDA:9,3,0,98
BRDA:9,3,1,0
BRDA:9,4,0,98
BRDA:9,4,1,98
BRDA:9,5,0,0
BRDA:9,5,1,98
BRDA:9,6,0,98
BRDA:9,6,1,0
BRDA:14,7,0,0
BRDA:14,7,1,0
BRDA:17,8,0,2
BRDA:17,8,1,2
BRDA:17,8,2,2
BRDA:17,9,0,2
BRDA:17,9,1,0
BRDA:22,10,0,2
BRDA:22,10,1,2
BRDA:22,10,2,2
BRDA:23,11,0,0
BRDA:23,11,1,4
BRDA:23,12,0,4
BRDA:23,12,1,4
BRDA:25,13,0,4
BRDA:25,13,1,0
BRDA:25,14,0,98
BRDA:25,14,1,0
BRDA:25,15,0,98
BRDA:25,15,1,98
BRDA:29,16,0,2
BRDA:29,16,1,2
BRDA:29,16,2,2
BRDA:30,17,0,2
BRDA:30,17,1,0
BRDA:30,18,0,2
BRDA:30,18,1,2
BRDA:70,19,0,0
BRDA:77,20,0,0
BRDA:77,20,1,1
BRDA:86,21,0,1
BRDA:86,21,1,0
BRDA:88,22,0,1
BRDA:88,22,1,0
BRDA:99,23,0,0
BRDA:99,23,1,0
BRDA:119,24,0,1
BRDA:119,24,1,0
BRDA:121,25,0,1
BRDA:121,25,1,0
BRDA:130,26,0,0
BRDA:130,26,1,1
BRDA:130,27,0,1
BRDA:130,27,1,1
BRDA:135,28,0,0
BRDA:135,28,1,1
BRDA:143,29,0,0
BRDA:143,29,1,1
BRDA:151,30,0,0
BRDA:151,30,1,1
BRDA:166,31,0,0
BRDA:166,31,1,1
BRDA:168,32,0,1
BRDA:168,32,1,0
BRDA:178,33,0,1
BRDA:178,33,1,0
BRDA:196,34,0,0
BRDA:196,34,1,0
BRDA:196,35,0,0
BRDA:196,35,1,0
BRDA:234,36,0,0
BRDA:234,36,1,0
BRDA:242,37,0,0
BRDA:242,37,1,1
BRDA:254,38,0,1
BRDA:254,38,1,0
BRDA:270,39,0,0
BRDA:270,39,1,2
BRDA:294,40,0,0
BRDA:294,40,1,0
BRDA:322,41,0,2
BRDA:322,41,1,0
BRDA:325,42,0,0
BRDA:325,42,1,2
BRDA:362,43,0,0
BRDA:362,43,1,0
BRDA:374,44,0,0
BRDA:374,44,1,0
BRDA:377,45,0,0
BRDA:377,45,1,0
BRDA:384,46,0,0
BRDA:384,46,1,0
BRDA:387,47,0,0
BRDA:387,47,1,0
BRDA:399,48,0,0
BRDA:399,48,1,0
BRDA:407,49,0,0
BRDA:446,50,0,0
BRDA:446,50,1,0
BRDA:460,51,0,0
BRDA:460,51,1,0
BRDA:483,52,0,0
BRDA:483,52,1,0
BRDA:510,53,0,0
BRDA:510,53,1,0
BRDA:530,54,0,0
BRDA:540,55,0,0
BRDA:540,55,1,0
BRDA:540,56,0,0
BRDA:540,56,1,0
BRDA:557,57,0,0
BRDA:557,57,1,0
BRDA:570,58,0,0
BRDA:570,58,1,0
BRDA:570,59,0,0
BRDA:570,59,1,0
BRDA:598,60,0,0
BRDA:598,60,1,0
BRDA:601,61,0,0
BRDA:601,61,1,0
BRDA:607,62,0,0
BRDA:607,62,1,0
BRDA:619,63,0,0
BRDA:619,63,1,0
BRDA:628,64,0,0
BRDA:629,65,0,0
BRDA:629,66,0,0
BRDA:629,67,0,0
BRDA:637,68,0,0
BRDA:637,68,1,0
BRDA:637,69,0,0
BRDA:637,69,1,0
BRDA:641,70,0,0
BRDA:641,70,1,0
BRDA:651,71,0,0
BRDA:651,71,1,0
BRDA:669,72,0,0
BRDA:669,72,1,0
BRDA:671,73,0,0
BRDA:671,73,1,0
BRDA:673,74,0,0
BRDA:673,74,1,0
BRDA:680,75,0,0
BRDA:680,75,1,0
BRDA:691,76,0,0
BRDA:691,76,1,0
BRF:151
BRH:49
end_of_record
TN:
SF:src/services/googledrive-manual-sync.ts
FN:6,(anonymous_0)
FN:19,(anonymous_1)
FN:29,(anonymous_2)
FN:29,(anonymous_3)
FN:38,(anonymous_4)
FN:49,(anonymous_5)
FN:55,(anonymous_6)
FN:64,(anonymous_7)
FN:69,(anonymous_8)
FNF:9
FNH:0
FNDA:0,(anonymous_0)
FNDA:0,(anonymous_1)
FNDA:0,(anonymous_2)
FNDA:0,(anonymous_3)
FNDA:0,(anonymous_4)
FNDA:0,(anonymous_5)
FNDA:0,(anonymous_6)
FNDA:0,(anonymous_7)
FNDA:0,(anonymous_8)
DA:2,1
DA:3,1
DA:4,1
DA:5,1
DA:6,1
DA:7,0
DA:13,0
DA:14,0
DA:15,0
DA:19,0
DA:28,0
DA:29,0
DA:34,0
DA:38,0
DA:48,1
DA:49,1
DA:50,0
DA:54,0
DA:55,0
DA:60,0
DA:64,0
DA:69,0
DA:78,1
LF:23
LH:8
BRDA:6,0,0,0
BRDA:6,1,0,0
BRDA:13,2,0,0
BRDA:13,2,1,0
BRF:4
BRH:0
end_of_record
TN:
SF:src/services/googledrive-push-setup.ts
FN:6,(anonymous_0)
FN:20,(anonymous_1)
FN:41,(anonymous_2)
FN:83,(anonymous_3)
FN:126,(anonymous_4)
FN:150,(anonymous_5)
FN:178,(anonymous_6)
FN:184,(anonymous_7)
FN:189,(anonymous_8)
FN:210,(anonymous_9)
FN:214,(anonymous_10)
FN:251,(anonymous_11)
FN:257,(anonymous_12)
FN:271,(anonymous_13)
FN:297,(anonymous_14)
FN:360,(anonymous_15)
FN:363,(anonymous_16)
FN:364,(anonymous_17)
FN:388,(anonymous_18)
FN:401,(anonymous_19)
FNF:20
FNH:1
FNDA:1,(anonymous_0)
FNDA:0,(anonymous_1)
FNDA:0,(anonymous_2)
FNDA:0,(anonymous_3)
FNDA:0,(anonymous_4)
FNDA:0,(anonymous_5)
FNDA:0,(anonymous_6)
FNDA:0,(anonymous_7)
FNDA:0,(anonymous_8)
FNDA:0,(anonymous_9)
FNDA:0,(anonymous_10)
FNDA:0,(anonymous_11)
FNDA:0,(anonymous_12)
FNDA:0,(anonymous_13)
FNDA:0,(anonymous_14)
FNDA:0,(anonymous_15)
FNDA:0,(anonymous_16)
FNDA:0,(anonymous_17)
FNDA:0,(anonymous_18)
FNDA:0,(anonymous_19)
DA:6,1
DA:7,1
DA:9,1
DA:10,1
DA:11,1
DA:12,1
DA:13,1
DA:14,1
DA:21,0
DA:23,0
DA:24,0
DA:28,0
DA:33,0
DA:34,0
DA:43,0
DA:44,0
DA:49,0
DA:60,0
DA:65,0
DA:70,0
DA:73,0
DA:77,0
DA:85,0
DA:86,0
DA:90,0
DA:91,0
DA:93,0
DA:101,0
DA:108,0
DA:114,0
DA:117,0
DA:120,0
DA:127,0
DA:128,0
DA:134,0
DA:136,0
DA:139,0
DA:144,0
DA:151,0
DA:152,0
DA:156,0
DA:162,0
DA:167,0
DA:172,0
DA:179,0
DA:183,0
DA:184,0
DA:189,0
DA:190,0
DA:194,0
DA:201,0
DA:204,0
DA:211,0
DA:212,0
DA:213,0
DA:214,0
DA:215,0
DA:220,0
DA:221,0
DA:222,0
DA:223,0
DA:224,0
DA:230,0
DA:231,0
DA:238,0
DA:239,0
DA:242,0
DA:245,0
DA:252,0
DA:260,0
DA:261,0
DA:262,0
DA:265,0
DA:273,0
DA:274,0
DA:275,0
DA:280,0
DA:282,0
DA:283,0
DA:288,0
DA:298,0
DA:299,0
DA:300,0
DA:302,0
DA:303,0
DA:304,0
DA:313,0
DA:320,0
DA:321,0
DA:324,0
DA:333,0
DA:340,0
DA:341,0
DA:342,0
DA:343,0
DA:354,0
DA:360,0
DA:361,0
DA:363,0
DA:364,0
DA:366,0
DA:372,0
DA:375,0
DA:389,0
DA:390,0
DA:391,0
DA:393,0
DA:394,0
DA:396,0
DA:397,0
DA:398,0
DA:401,0
DA:402,0
DA:403,0
DA:404,0
DA:408,0
DA:416,0
DA:419,0
DA:427,1
DA:428,1
LF:120
LH:10
BRDA:6,0,0,1
BRDA:6,0,1,1
BRDA:6,0,2,1
BRDA:7,1,0,0
BRDA:7,1,1,1
BRDA:7,2,0,1
BRDA:7,2,1,1
BRDA:33,3,0,0
BRDA:33,3,1,0
BRDA:33,3,2,0
BRDA:41,4,0,0
BRDA:75,5,0,0
BRDA:75,5,1,0
BRDA:83,6,0,0
BRDA:118,7,0,0
BRDA:118,7,1,0
BRDA:126,8,0,0
BRDA:142,9,0,0
BRDA:142,9,1,0
BRDA:170,10,0,0
BRDA:170,10,1,0
BRDA:202,11,0,0
BRDA:202,11,1,0
BRDA:234,12,0,0
BRDA:234,12,1,0
BRDA:243,13,0,0
BRDA:243,13,1,0
BRDA:261,14,0,0
BRDA:261,14,1,0
BRDA:290,15,0,0
BRDA:290,15,1,0
BRDA:316,16,0,0
BRDA:316,16,1,0
BRDA:336,17,0,0
BRDA:336,17,1,0
BRDA:342,18,0,0
BRDA:342,18,1,0
BRDA:345,19,0,0
BRDA:345,19,1,0
BRDA:350,20,0,0
BRDA:350,20,1,0
BRDA:357,21,0,0
BRDA:357,21,1,0
BRDA:373,22,0,0
BRDA:373,22,1,0
BRDA:380,23,0,0
BRDA:380,23,1,0
BRDA:388,24,0,0
BRDA:396,25,0,0
BRDA:396,25,1,0
BRDA:406,26,0,0
BRDA:406,26,1,0
BRDA:417,27,0,0
BRDA:417,27,1,0
BRDA:422,28,0,0
BRDA:422,28,1,0
BRF:56
BRH:6
end_of_record
TN:
SF:src/services/googledrive-vector-mapping.ts
FN:9,(anonymous_0)
FN:24,(anonymous_1)
FN:34,(anonymous_2)
FN:59,(anonymous_3)
FN:80,(anonymous_4)
FN:84,(anonymous_5)
FN:95,(anonymous_6)
FN:113,(anonymous_7)
FN:140,(anonymous_8)
FNF:9
FNH:0
FNDA:0,(anonymous_0)
FNDA:0,(anonymous_1)
FNDA:0,(anonymous_2)
FNDA:0,(anonymous_3)
FNDA:0,(anonymous_4)
FNDA:0,(anonymous_5)
FNDA:0,(anonymous_6)
FNDA:0,(anonymous_7)
FNDA:0,(anonymous_8)
DA:2,1
DA:3,1
DA:4,1
DA:5,1
DA:6,1
DA:7,1
DA:8,1
DA:9,1
DA:10,0
DA:11,0
DA:13,0
DA:14,0
DA:17,0
DA:20,0
DA:22,0
DA:24,1
DA:25,0
DA:26,0
DA:27,0
DA:29,0
DA:30,0
DA:31,0
DA:32,0
DA:34,0
DA:35,0
DA:36,0
DA:37,0
DA:38,0
DA:42,0
DA:49,0
DA:52,0
DA:55,0
DA:58,1
DA:59,1
DA:60,0
DA:64,0
DA:65,0
DA:66,0
DA:67,0
DA:69,0
DA:70,0
DA:73,0
DA:79,1
DA:80,1
DA:81,0
DA:82,0
DA:84,0
DA:85,0
DA:90,0
DA:91,0
DA:92,0
DA:94,0
DA:95,0
DA:102,0
DA:103,0
DA:107,0
DA:112,1
DA:113,1
DA:114,0
DA:115,0
DA:116,0
DA:118,0
DA:119,0
DA:120,0
DA:122,0
DA:123,0
DA:124,0
DA:125,0
DA:127,0
DA:128,0
DA:129,0
DA:132,0
DA:136,0
DA:139,1
DA:140,1
DA:141,0
DA:142,0
DA:143,0
DA:144,0
DA:146,0
DA:147,0
DA:150,0
DA:156,1
LF:83
LH:18
BRDA:10,0,0,0
BRDA:10,0,1,0
BRDA:18,1,0,0
BRDA:18,1,1,0
BRDA:26,2,0,0
BRDA:26,2,1,0
BRDA:31,3,0,0
BRDA:31,3,1,0
BRDA:37,4,0,0
BRDA:37,4,1,0
BRDA:37,5,0,0
BRDA:37,5,1,0
BRDA:45,6,0,0
BRDA:45,6,1,0
BRDA:53,7,0,0
BRDA:53,7,1,0
BRDA:66,8,0,0
BRDA:66,8,1,0
BRDA:75,9,0,0
BRDA:75,9,1,0
BRDA:81,10,0,0
BRDA:81,10,1,0
BRDA:91,11,0,0
BRDA:91,11,1,0
BRDA:108,12,0,0
BRDA:108,12,1,0
BRDA:115,13,0,0
BRDA:115,13,1,0
BRDA:119,14,0,0
BRDA:119,14,1,0
BRDA:124,15,0,0
BRDA:124,15,1,0
BRDA:134,16,0,0
BRDA:134,16,1,0
BRDA:143,17,0,0
BRDA:143,17,1,0
BRDA:152,18,0,0
BRDA:152,18,1,0
BRF:38
BRH:0
end_of_record
TN:
SF:src/services/googledrive-webhook-handler.ts
FN:6,(anonymous_0)
FN:29,(anonymous_1)
FN:55,(anonymous_2)
FN:116,(anonymous_3)
FN:144,(anonymous_4)
FN:172,(anonymous_5)
FN:182,(anonymous_6)
FN:211,(anonymous_7)
FN:221,(anonymous_8)
FN:241,(anonymous_9)
FN:256,(anonymous_10)
FN:301,(anonymous_11)
FN:327,(anonymous_12)
FN:356,(anonymous_13)
FN:388,(anonymous_14)
FN:419,(anonymous_15)
FN:442,(anonymous_16)
FN:451,(anonymous_17)
FN:460,(anonymous_18)
FN:466,(anonymous_19)
FNF:20
FNH:1
FNDA:1,(anonymous_0)
FNDA:0,(anonymous_1)
FNDA:0,(anonymous_2)
FNDA:0,(anonymous_3)
FNDA:0,(anonymous_4)
FNDA:0,(anonymous_5)
FNDA:0,(anonymous_6)
FNDA:0,(anonymous_7)
FNDA:0,(anonymous_8)
FNDA:0,(anonymous_9)
FNDA:0,(anonymous_10)
FNDA:0,(anonymous_11)
FNDA:0,(anonymous_12)
FNDA:0,(anonymous_13)
FNDA:0,(anonymous_14)
FNDA:0,(anonymous_15)
FNDA:0,(anonymous_16)
FNDA:0,(anonymous_17)
FNDA:0,(anonymous_18)
FNDA:0,(anonymous_19)
DA:6,1
DA:7,1
DA:9,1
DA:10,1
DA:11,1
DA:12,1
DA:13,1
DA:14,1
DA:15,1
DA:16,1
DA:17,1
DA:28,0
DA:30,0
DA:31,0
DA:32,0
DA:33,0
DA:35,0
DA:37,0
DA:38,0
DA:42,0
DA:47,0
DA:48,0
DA:56,0
DA:57,0
DA:67,0
DA:68,0
DA:69,0
DA:76,0
DA:84,0
DA:86,0
DA:87,0
DA:89,0
DA:99,0
DA:103,0
DA:104,0
DA:117,0
DA:118,0
DA:119,0
DA:120,0
DA:121,0
DA:123,0
DA:124,0
DA:125,0
DA:126,0
DA:127,0
DA:132,0
DA:135,0
DA:138,0
DA:145,0
DA:149,0
DA:152,0
DA:153,0
DA:156,0
DA:157,0
DA:160,0
DA:161,0
DA:163,0
DA:166,0
DA:173,0
DA:177,0
DA:183,0
DA:184,0
DA:188,0
DA:189,0
DA:190,0
DA:191,0
DA:193,0
DA:194,0
DA:197,0
DA:202,0
DA:205,0
DA:212,0
DA:216,0
DA:222,0
DA:223,0
DA:229,0
DA:232,0
DA:235,0
DA:242,0
DA:243,0
DA:244,0
DA:247,0
DA:250,0
DA:257,0
DA:258,0
DA:264,0
DA:265,0
DA:269,0
DA:272,0
DA:273,0
DA:274,0
DA:278,0
DA:281,0
DA:282,0
DA:286,0
DA:289,0
DA:294,0
DA:295,0
DA:302,0
DA:303,0
DA:307,0
DA:308,0
DA:312,0
DA:315,0
DA:320,0
DA:321,0
DA:328,0
DA:329,0
DA:330,0
DA:333,0
DA:334,0
DA:335,0
DA:338,0
DA:339,0
DA:340,0
DA:343,0
DA:346,0
DA:350,0
DA:357,0
DA:358,0
DA:362,0
DA:363,0
DA:365,0
DA:366,0
DA:367,0
DA:370,0
DA:371,0
DA:372,0
DA:375,0
DA:378,0
DA:382,0
DA:389,0
DA:390,0
DA:395,0
DA:397,0
DA:399,0
DA:401,0
DA:402,0
DA:403,0
DA:409,0
DA:413,0
DA:420,0
DA:421,0
DA:422,0
DA:423,0
DA:426,0
DA:428,0
DA:429,0
DA:432,0
DA:436,0
DA:443,0
DA:444,0
DA:452,0
DA:453,0
DA:461,0
DA:467,0
DA:474,1
DA:475,1
LF:158
LH:13
BRDA:6,0,0,1
BRDA:6,0,1,1
BRDA:6,0,2,1
BRDA:7,1,0,0
BRDA:7,1,1,1
BRDA:7,2,0,1
BRDA:7,2,1,1
BRDA:67,3,0,0
BRDA:67,3,1,0
BRDA:82,4,0,0
BRDA:82,4,1,0
BRDA:100,5,0,0
BRDA:100,5,1,0
BRDA:101,6,0,0
BRDA:101,6,1,0
BRDA:108,7,0,0
BRDA:108,7,1,0
BRDA:119,8,0,0
BRDA:119,8,1,0
BRDA:126,9,0,0
BRDA:126,9,1,0
BRDA:136,10,0,0
BRDA:136,10,1,0
BRDA:149,11,0,0
BRDA:149,11,1,0
BRDA:149,11,2,0
BRDA:149,11,3,0
BRDA:190,12,0,0
BRDA:190,12,1,0
BRDA:193,13,0,0
BRDA:193,13,1,0
BRDA:203,14,0,0
BRDA:203,14,1,0
BRDA:224,15,0,0
BRDA:224,15,1,0
BRDA:229,16,0,0
BRDA:229,16,1,0
BRDA:233,17,0,0
BRDA:233,17,1,0
BRDA:248,18,0,0
BRDA:248,18,1,0
BRDA:264,19,0,0
BRDA:264,19,1,0
BRDA:273,20,0,0
BRDA:273,20,1,0
BRDA:291,21,0,0
BRDA:291,21,1,0
BRDA:317,22,0,0
BRDA:317,22,1,0
BRDA:329,23,0,0
BRDA:329,23,1,0
BRDA:329,24,0,0
BRDA:329,24,1,0
BRDA:334,25,0,0
BRDA:334,25,1,0
BRDA:339,26,0,0
BRDA:339,26,1,0
BRDA:348,27,0,0
BRDA:348,27,1,0
BRDA:362,28,0,0
BRDA:362,28,1,0
BRDA:366,29,0,0
BRDA:366,29,1,0
BRDA:371,30,0,0
BRDA:371,30,1,0
BRDA:380,31,0,0
BRDA:380,31,1,0
BRDA:397,32,0,0
BRDA:397,32,1,0
BRDA:411,33,0,0
BRDA:411,33,1,0
BRDA:422,34,0,0
BRDA:422,34,1,0
BRDA:434,35,0,0
BRDA:434,35,1,0
BRDA:470,36,0,0
BRDA:470,36,1,0
BRF:77
BRH:6
end_of_record
TN:
SF:src/services/huggingface-client.ts
FN:2,(anonymous_0)
FN:16,(anonymous_1)
FN:29,(anonymous_2)
FN:30,(anonymous_3)
FN:37,(anonymous_4)
FN:41,(anonymous_5)
FN:48,(anonymous_6)
FN:54,(anonymous_7)
FN:66,(anonymous_8)
FN:104,(anonymous_9)
FN:154,(anonymous_10)
FN:186,(anonymous_11)
FN:189,(anonymous_12)
FN:208,(anonymous_13)
FN:210,(anonymous_14)
FN:218,(anonymous_15)
FN:233,(anonymous_16)
FN:241,(anonymous_17)
FNF:18
FNH:4
FNDA:1,(anonymous_0)
FNDA:1,(anonymous_1)
FNDA:1,(anonymous_2)
FNDA:0,(anonymous_3)
FNDA:0,(anonymous_4)
FNDA:0,(anonymous_5)
FNDA:0,(anonymous_6)
FNDA:0,(anonymous_7)
FNDA:0,(anonymous_8)
FNDA:0,(anonymous_9)
FNDA:0,(anonymous_10)
FNDA:0,(anonymous_11)
FNDA:0,(anonymous_12)
FNDA:0,(anonymous_13)
FNDA:0,(anonymous_14)
FNDA:0,(anonymous_15)
FNDA:0,(anonymous_16)
FNDA:1,(anonymous_17)
DA:2,1
DA:3,1
DA:5,1
DA:6,1
DA:7,1
DA:8,1
DA:9,1
DA:10,1
DA:11,1
DA:17,1
DA:18,1
DA:19,1
DA:27,1
DA:30,1
DA:31,0
DA:36,0
DA:38,0
DA:39,0
DA:41,1
DA:42,0
DA:47,0
DA:49,0
DA:50,0
DA:51,0
DA:55,0
DA:56,0
DA:57,0
DA:58,0
DA:59,0
DA:60,0
DA:61,0
DA:62,0
DA:63,0
DA:64,0
DA:67,0
DA:68,0
DA:69,0
DA:70,0
DA:74,0
DA:78,0
DA:79,0
DA:80,0
DA:88,0
DA:94,0
DA:97,0
DA:101,0
DA:105,0
DA:106,0
DA:107,0
DA:111,0
DA:126,0
DA:127,0
DA:128,0
DA:129,0
DA:138,0
DA:144,0
DA:147,0
DA:151,0
DA:155,0
DA:156,0
DA:159,0
DA:160,0
DA:161,0
DA:173,0
DA:176,0
DA:179,0
DA:183,0
DA:187,0
DA:190,0
DA:191,0
DA:193,0
DA:194,0
DA:198,0
DA:199,0
DA:202,0
DA:205,0
DA:209,0
DA:210,0
DA:214,0
DA:215,0
DA:216,0
DA:220,0
DA:221,0
DA:222,0
DA:225,0
DA:226,0
DA:227,0
DA:229,0
DA:230,0
DA:233,0
DA:236,0
DA:239,1
DA:241,1
DA:243,1
DA:244,0
DA:245,0
DA:246,0
DA:248,1
DA:250,1
DA:251,1
LF:100
LH:21
BRDA:2,0,0,1
BRDA:2,0,1,1
BRDA:2,0,2,1
BRDA:3,1,0,0
BRDA:3,1,1,1
BRDA:3,2,0,1
BRDA:3,2,1,1
BRDA:21,3,0,1
BRDA:21,3,1,0
BRDA:55,4,0,0
BRDA:55,4,1,0
BRDA:57,5,0,0
BRDA:57,5,1,0
BRDA:57,5,2,0
BRDA:63,6,0,0
BRDA:63,6,1,0
BRDA:68,7,0,0
BRDA:68,7,1,0
BRDA:72,8,0,0
BRDA:72,8,1,0
BRDA:78,9,0,0
BRDA:78,9,1,0
BRDA:99,10,0,0
BRDA:99,10,1,0
BRDA:115,11,0,0
BRDA:115,11,1,0
BRDA:116,12,0,0
BRDA:116,12,1,0
BRDA:117,13,0,0
BRDA:117,13,1,0
BRDA:118,14,0,0
BRDA:118,14,1,0
BRDA:122,15,0,0
BRDA:122,15,1,0
BRDA:123,16,0,0
BRDA:123,16,1,0
BRDA:149,17,0,0
BRDA:149,17,1,0
BRDA:164,18,0,0
BRDA:164,18,1,0
BRDA:166,19,0,0
BRDA:166,19,1,0
BRDA:167,20,0,0
BRDA:167,20,1,0
BRDA:168,21,0,0
BRDA:168,21,1,0
BRDA:169,22,0,0
BRDA:169,22,1,0
BRDA:170,23,0,0
BRDA:170,23,1,0
BRDA:171,24,0,0
BRDA:171,24,1,0
BRDA:181,25,0,0
BRDA:181,25,1,0
BRDA:203,26,0,0
BRDA:203,26,1,0
BRDA:209,27,0,0
BRDA:209,27,1,0
BRDA:214,28,0,0
BRDA:214,28,1,0
BRDA:218,29,0,0
BRDA:218,30,0,0
BRDA:218,30,1,0
BRDA:218,31,0,0
BRDA:226,32,0,0
BRDA:226,32,1,0
BRDA:226,33,0,0
BRDA:226,33,1,0
BRDA:231,34,0,0
BRDA:231,34,1,0
BRDA:243,35,0,0
BRDA:243,35,1,1
BRDA:243,36,0,1
BRDA:243,36,1,0
BRF:74
BRH:9
end_of_record
TN:
SF:src/services/huggingface-mock.ts
FN:8,(anonymous_0)
FN:11,(anonymous_1)
FN:19,(anonymous_2)
FN:23,(anonymous_3)
FN:45,(anonymous_4)
FN:52,(anonymous_5)
FN:77,(anonymous_6)
FN:82,(anonymous_7)
FN:96,(anonymous_8)
FN:99,(anonymous_9)
FN:101,(anonymous_10)
FN:104,(anonymous_11)
FN:112,(anonymous_12)
FN:122,(anonymous_13)
FN:123,(anonymous_14)
FN:125,(anonymous_15)
FN:134,(anonymous_16)
FN:135,(anonymous_17)
FNF:18
FNH:0
FNDA:0,(anonymous_0)
FNDA:0,(anonymous_1)
FNDA:0,(anonymous_2)
FNDA:0,(anonymous_3)
FNDA:0,(anonymous_4)
FNDA:0,(anonymous_5)
FNDA:0,(anonymous_6)
FNDA:0,(anonymous_7)
FNDA:0,(anonymous_8)
FNDA:0,(anonymous_9)
FNDA:0,(anonymous_10)
FNDA:0,(anonymous_11)
FNDA:0,(anonymous_12)
FNDA:0,(anonymous_13)
FNDA:0,(anonymous_14)
FNDA:0,(anonymous_15)
FNDA:0,(anonymous_16)
FNDA:0,(anonymous_17)
DA:2,0
DA:3,0
DA:4,0
DA:5,0
DA:9,0
DA:12,0
DA:13,0
DA:14,0
DA:19,0
DA:20,0
DA:21,0
DA:23,0
DA:24,0
DA:25,0
DA:27,0
DA:28,0
DA:29,0
DA:37,0
DA:43,0
DA:46,0
DA:47,0
DA:52,0
DA:54,0
DA:55,0
DA:56,0
DA:57,0
DA:58,0
DA:59,0
DA:60,0
DA:69,0
DA:75,0
DA:78,0
DA:82,0
DA:83,0
DA:97,0
DA:100,0
DA:101,0
DA:102,0
DA:105,0
DA:110,0
DA:113,0
DA:114,0
DA:115,0
DA:117,0
DA:118,0
DA:119,0
DA:122,0
DA:123,0
DA:126,0
DA:127,0
DA:128,0
DA:129,0
DA:130,0
DA:132,0
DA:135,0
DA:136,0
DA:137,0
DA:138,0
DA:142,0
DA:143,0
LF:60
LH:0
BRDA:13,0,0,0
BRDA:13,0,1,0
BRDA:16,1,0,0
BRDA:16,1,1,0
BRDA:20,2,0,0
BRDA:20,2,1,0
BRDA:104,3,0,0
BRDA:104,4,0,0
BRDA:136,5,0,0
BRDA:136,5,1,0
BRF:10
BRH:0
end_of_record
TN:
SF:src/services/inference-service.ts
FN:13,(anonymous_0)
FN:31,(anonymous_1)
FN:64,(anonymous_2)
FN:105,(anonymous_3)
FN:111,(anonymous_4)
FN:122,(anonymous_5)
FN:122,(anonymous_6)
FN:127,(anonymous_7)
FN:135,(anonymous_8)
FN:150,(anonymous_9)
FN:157,(anonymous_10)
FN:179,(anonymous_11)
FN:190,(anonymous_12)
FN:192,(anonymous_13)
FN:194,(anonymous_14)
FN:210,(anonymous_15)
FN:221,(anonymous_16)
FN:233,(anonymous_17)
FN:244,(anonymous_18)
FN:247,(anonymous_19)
FN:247,(anonymous_20)
FN:250,(anonymous_21)
FN:258,(anonymous_22)
FN:274,(anonymous_23)
FN:275,(anonymous_24)
FN:293,(anonymous_25)
FN:323,(anonymous_26)
FN:340,(anonymous_27)
FN:350,(anonymous_28)
FN:360,(anonymous_29)
FN:374,(anonymous_30)
FN:377,(anonymous_31)
FN:380,(anonymous_32)
FNF:33
FNH:1
FNDA:1,(anonymous_0)
FNDA:0,(anonymous_1)
FNDA:0,(anonymous_2)
FNDA:0,(anonymous_3)
FNDA:0,(anonymous_4)
FNDA:0,(anonymous_5)
FNDA:0,(anonymous_6)
FNDA:0,(anonymous_7)
FNDA:0,(anonymous_8)
FNDA:0,(anonymous_9)
FNDA:0,(anonymous_10)
FNDA:0,(anonymous_11)
FNDA:0,(anonymous_12)
FNDA:0,(anonymous_13)
FNDA:0,(anonymous_14)
FNDA:0,(anonymous_15)
FNDA:0,(anonymous_16)
FNDA:0,(anonymous_17)
FNDA:0,(anonymous_18)
FNDA:0,(anonymous_19)
FNDA:0,(anonymous_20)
FNDA:0,(anonymous_21)
FNDA:0,(anonymous_22)
FNDA:0,(anonymous_23)
FNDA:0,(anonymous_24)
FNDA:0,(anonymous_25)
FNDA:0,(anonymous_26)
FNDA:0,(anonymous_27)
FNDA:0,(anonymous_28)
FNDA:0,(anonymous_29)
FNDA:0,(anonymous_30)
FNDA:0,(anonymous_31)
FNDA:0,(anonymous_32)
DA:2,1
DA:3,1
DA:4,1
DA:5,1
DA:6,1
DA:14,1
DA:15,1
DA:23,1
DA:28,1
DA:29,1
DA:32,0
DA:34,0
DA:35,0
DA:38,0
DA:40,0
DA:41,0
DA:47,0
DA:48,0
DA:64,0
DA:66,0
DA:68,0
DA:69,0
DA:72,0
DA:74,0
DA:75,0
DA:84,0
DA:90,0
DA:93,0
DA:98,0
DA:99,0
DA:100,0
DA:102,0
DA:106,0
DA:107,0
DA:111,0
DA:112,0
DA:116,0
DA:117,0
DA:122,0
DA:123,0
DA:124,0
DA:127,0
DA:128,0
DA:133,0
DA:136,0
DA:137,0
DA:138,0
DA:140,0
DA:148,0
DA:151,0
DA:152,0
DA:154,0
DA:155,0
DA:158,0
DA:160,0
DA:161,0
DA:162,0
DA:165,0
DA:166,0
DA:169,0
DA:170,0
DA:173,0
DA:174,0
DA:175,0
DA:177,0
DA:180,0
DA:181,0
DA:183,0
DA:185,0
DA:187,0
DA:191,0
DA:192,0
DA:195,0
DA:197,0
DA:199,0
DA:200,0
DA:205,0
DA:211,0
DA:212,0
DA:213,0
DA:214,0
DA:222,0
DA:224,0
DA:225,0
DA:226,0
DA:227,0
DA:229,0
DA:230,0
DA:232,0
DA:233,0
DA:234,0
DA:236,0
DA:237,0
DA:239,0
DA:240,0
DA:242,0
DA:245,0
DA:246,0
DA:247,0
DA:248,0
DA:251,0
DA:252,0
DA:254,0
DA:255,0
DA:256,0
DA:259,0
DA:260,0
DA:261,0
DA:262,0
DA:264,0
DA:265,0
DA:266,0
DA:268,0
DA:269,0
DA:270,0
DA:272,0
DA:275,0
DA:276,0
DA:277,0
DA:278,0
DA:279,0
DA:283,0
DA:286,0
DA:291,0
DA:294,0
DA:295,0
DA:296,0
DA:307,0
DA:316,0
DA:318,0
DA:319,0
DA:321,0
DA:324,0
DA:325,0
DA:326,0
DA:327,0
DA:328,0
DA:332,0
DA:334,0
DA:335,0
DA:337,0
DA:338,0
DA:341,0
DA:343,0
DA:345,0
DA:347,0
DA:351,0
DA:353,0
DA:355,0
DA:357,0
DA:362,0
DA:363,0
DA:364,0
DA:365,0
DA:366,0
DA:367,0
DA:375,0
DA:378,0
DA:381,0
DA:384,1
DA:385,1
LF:161
LH:12
BRDA:19,0,0,0
BRDA:19,0,1,1
BRDA:19,1,0,0
BRDA:19,1,1,0
BRDA:34,2,0,0
BRDA:34,2,1,0
BRDA:34,3,0,0
BRDA:34,3,1,0
BRDA:38,4,0,0
BRDA:38,4,1,0
BRDA:52,5,0,0
BRDA:52,5,1,0
BRDA:53,6,0,0
BRDA:53,6,1,0
BRDA:54,7,0,0
BRDA:54,7,1,0
BRDA:55,8,0,0
BRDA:55,8,1,0
BRDA:68,9,0,0
BRDA:68,9,1,0
BRDA:78,10,0,0
BRDA:78,10,1,0
BRDA:95,11,0,0
BRDA:95,11,1,0
BRDA:99,12,0,0
BRDA:99,12,1,0
BRDA:106,13,0,0
BRDA:106,13,1,0
BRDA:106,14,0,0
BRDA:106,14,1,0
BRDA:123,15,0,0
BRDA:123,15,1,0
BRDA:137,16,0,0
BRDA:137,16,1,0
BRDA:151,17,0,0
BRDA:151,17,1,0
BRDA:151,18,0,0
BRDA:151,18,1,0
BRDA:155,19,0,0
BRDA:155,19,1,0
BRDA:160,20,0,0
BRDA:160,20,1,0
BRDA:165,21,0,0
BRDA:165,21,1,0
BRDA:165,22,0,0
BRDA:165,22,1,0
BRDA:169,23,0,0
BRDA:169,23,1,0
BRDA:173,24,0,0
BRDA:173,24,1,0
BRDA:174,25,0,0
BRDA:174,25,1,0
BRDA:181,26,0,0
BRDA:181,26,1,0
BRDA:181,26,2,0
BRDA:199,27,0,0
BRDA:199,27,1,0
BRDA:199,28,0,0
BRDA:199,28,1,0
BRDA:224,29,0,0
BRDA:224,29,1,0
BRDA:226,30,0,0
BRDA:226,30,1,0
BRDA:229,31,0,0
BRDA:229,31,1,0
BRDA:236,32,0,0
BRDA:236,32,1,0
BRDA:239,33,0,0
BRDA:239,33,1,0
BRDA:247,34,0,0
BRDA:247,34,1,0
BRDA:254,35,0,0
BRDA:254,35,1,0
BRDA:260,36,0,0
BRDA:260,36,1,0
BRDA:260,37,0,0
BRDA:260,37,1,0
BRDA:264,38,0,0
BRDA:264,38,1,0
BRDA:264,39,0,0
[...]
DA:76,1
DA:80,1
DA:88,1
DA:89,1
DA:94,1
DA:111,1
DA:112,2
DA:113,1
DA:114,0
DA:116,1
DA:121,1
DA:127,1
DA:129,1
DA:130,1
DA:131,1
DA:137,1
DA:143,1
DA:144,1
DA:145,1
DA:152,1
DA:161,1
DA:167,2
DA:173,1
DA:176,1
LF:54
LH:49
BRDA:26,0,0,0
BRDA:26,1,0,0
BRDA:28,2,0,1
BRDA:28,3,0,1
BRDA:28,4,0,1
BRDA:28,5,0,1
BRDA:58,6,0,0
BRDA:58,6,1,0
BRDA:90,7,0,1
BRDA:90,7,1,0
BRDA:113,8,0,0
BRDA:113,8,1,1
BRDA:129,9,0,1
BRDA:129,9,1,1
BRDA:129,9,2,1
BRDA:130,10,0,1
BRDA:130,10,1,0
BRF:17
BRH:10
end_of_record
TN:
SF:src/types/huggingface.ts
FN:52,(anonymous_0)
FNF:1
FNH:1
FNDA:1,(anonymous_0)
DA:2,1
DA:3,1
DA:4,1
DA:52,1
DA:53,1
DA:54,1
DA:55,1
LF:7
LH:7
BRDA:56,0,0,1
BRDA:56,0,1,1
BRF:2
BRH:2
end_of_record
TN:
SF:src/utils/data-sanitizer.ts
FN:4,sanitizeInput
FN:19,(anonymous_1)
FN:35,sanitizeLogData
FN:43,sanitizeUserInput
FN:51,(anonymous_4)
FN:69,(anonymous_5)
FN:82,(anonymous_6)
FNF:7
FNH:0
FNDA:0,sanitizeInput
FNDA:0,(anonymous_1)
FNDA:0,sanitizeLogData
FNDA:0,sanitizeUserInput
FNDA:0,(anonymous_4)
FNDA:0,(anonymous_5)
FNDA:0,(anonymous_6)
DA:2,0
DA:3,0
DA:5,0
DA:6,0
DA:7,0
DA:9,0
DA:10,0
DA:13,0
DA:14,0
DA:16,0
DA:18,0
DA:19,0
DA:21,0
DA:22,0
DA:23,0
DA:25,0
DA:26,0
DA:28,0
DA:30,0
DA:32,0
DA:34,0
DA:36,0
DA:42,0
DA:44,0
DA:49,0
DA:52,0
DA:53,0
DA:55,0
DA:56,0
DA:57,0
DA:60,0
DA:61,0
DA:63,0
DA:70,0
DA:71,0
DA:73,0
DA:74,0
DA:75,0
DA:76,0
DA:78,0
DA:80,0
DA:84,0
DA:85,0
DA:87,0
DA:88,0
DA:89,0
DA:90,0
DA:91,0
DA:94,0
DA:96,0
DA:99,0
LF:51
LH:0
BRDA:4,0,0,0
BRDA:5,1,0,0
BRDA:5,2,0,0
BRDA:6,3,0,0
BRDA:6,3,1,0
BRDA:9,4,0,0
BRDA:9,4,1,0
BRDA:13,5,0,0
BRDA:13,5,1,0
BRDA:18,6,0,0
BRDA:18,6,1,0
BRDA:21,7,0,0
BRDA:21,7,1,0
BRDA:21,8,0,0
BRDA:21,8,1,0
BRDA:25,9,0,0
BRDA:25,9,1,0
BRDA:25,10,0,0
BRDA:25,10,1,0
BRDA:55,11,0,0
BRDA:55,11,1,0
BRDA:60,12,0,0
BRDA:60,12,1,0
BRDA:70,13,0,0
BRDA:70,13,1,0
BRDA:73,14,0,0
BRDA:73,14,1,0
BRDA:73,15,0,0
BRDA:73,15,1,0
BRDA:84,16,0,0
BRDA:84,16,1,0
BRDA:87,17,0,0
BRDA:87,17,1,0
BRDA:87,18,0,0
BRDA:87,18,1,0
BRDA:90,19,0,0
BRDA:90,19,1,0
BRDA:90,20,0,0
BRDA:90,20,1,0
BRDA:90,20,2,0
BRF:40
BRH:0
end_of_record
TN:
SF:src/utils/file-type-detector.ts
FN:468,detectFileType
FN:559,isZipBasedOfficeFormat
FN:565,isOLE2BasedOfficeFormat
FN:571,isEpubFile
FN:583,detectTextFileType
FN:625,(anonymous_5)
FN:690,(anonymous_6)
FN:701,hasMatchingJsonBoundary
FN:715,getUtf8SequenceLength
FN:733,matchesPattern
FN:750,isOfficeFile
FN:797,isOLEOfficeFile
FN:824,isTextFile
FN:868,isSupportedFileType
FN:875,debugMagicNumber
FN:877,(anonymous_15)
FN:878,(anonymous_16)
FNF:17
FNH:17
FNDA:81471,detectFileType
FNDA:181503,isZipBasedOfficeFormat
FNDA:71435,isOLE2BasedOfficeFormat
FNDA:10005,isEpubFile
FNDA:10022,detectTextFileType
FNDA:10023,(anonymous_5)
FNDA:10019,(anonymous_6)
FNDA:2,hasMatchingJsonBoundary
FNDA:909,getUtf8SequenceLength
FNDA:1919078,matchesPattern
FNDA:100071,isOfficeFile
FNDA:6,isOLEOfficeFile
FNDA:10018,isTextFile
FNDA:2,isSupportedFileType
FNDA:8,debugMagicNumber
FNDA:160,(anonymous_15)
FNDA:160,(anonymous_16)
DA:6,4
DA:7,4
DA:8,4
DA:10,4
DA:470,81471
DA:471,1919078
DA:473,181514
DA:474,3
DA:476,181511
DA:477,1
DA:479,181510
DA:480,2
DA:482,181508
DA:483,2
DA:485,181506
DA:486,0
DA:488,181506
DA:489,0
DA:491,181506
DA:492,0
DA:494,181506
DA:495,0
DA:497,181506
DA:498,0
DA:500,181506
DA:501,0
DA:503,181506
DA:504,0
DA:507,181506
DA:508,1
DA:510,181505
DA:511,0
DA:513,181505
DA:514,1
DA:516,181504
DA:517,1
DA:520,181503
DA:521,71432
DA:525,10028
DA:526,6
DA:534,10022
DA:535,10022
DA:536,4
DA:539,10018
DA:540,10012
DA:548,6
DA:555,4
DA:560,181503
DA:566,71435
DA:572,10005
DA:573,10005
DA:574,10005
DA:577,0
DA:584,10022
DA:585,10022
DA:586,10022
DA:588,10022
DA:589,0
DA:597,10022
DA:598,2
DA:599,2
DA:600,2
DA:601,2
DA:602,2
DA:615,10020
DA:616,1
DA:624,10019
DA:625,10023
DA:626,10019
DA:627,1
DA:635,10018
DA:636,0
DA:644,10018
DA:645,0
DA:653,10018
DA:654,0
DA:662,10018
DA:663,0
DA:671,10018
DA:672,0
DA:680,10018
DA:681,10018
DA:682,0
DA:690,10019
DA:691,10018
DA:692,0
DA:699,10018
DA:702,2
DA:703,0
DA:705,2
DA:706,2
DA:707,2
DA:708,2
DA:710,0
DA:711,0
DA:713,0
DA:716,909
DA:717,3
DA:719,906
DA:720,2
DA:722,904
DA:723,898
DA:725,6
DA:726,0
DA:728,6
DA:734,1919078
DA:735,1919078
DA:736,631631
DA:738,1287447
DA:739,1287447
DA:740,1287447
DA:741,1892019
DA:742,1105933
DA:745,181514
DA:751,100071
DA:753,100071
DA:754,100071
DA:757,10010
DA:760,10011
DA:763,10007
DA:766,10013
DA:769,10005
DA:772,10005
DA:775,10005
DA:778,10005
DA:781,10005
DA:784,10005
DA:786,0
DA:792,0
DA:798,6
DA:800,6
DA:801,6
DA:805,2
DA:808,1
DA:811,3
DA:813,0
DA:819,0
DA:825,10018
DA:826,0
DA:828,10018
DA:829,10018
DA:830,10018
DA:831,10018
DA:832,10018
DA:833,65321
DA:834,65321
DA:835,64409
DA:836,64409
DA:837,64409
DA:839,912
DA:840,3
DA:842,909
DA:843,909
DA:844,900
DA:845,0
DA:847,900
DA:848,900
DA:849,1797
DA:850,1797
DA:851,2
DA:852,2
DA:855,900
DA:856,898
DA:857,898
DA:858,898
DA:861,11
DA:863,10015
DA:869,2
DA:871,4
DA:876,8
DA:877,160
DA:878,160
DA:879,8
DA:880,8
DA:882,4
LF:175
LH:147
BRDA:471,0,0,181514
BRDA:471,0,1,1737564
BRDA:473,1,0,3
BRDA:473,1,1,181511
BRDA:473,2,0,181514
BRDA:473,2,1,10010
BRDA:476,3,0,1
BRDA:476,3,1,181510
BRDA:476,4,0,181511
BRDA:476,4,1,10011
BRDA:479,5,0,2
BRDA:479,5,1,181508
BRDA:479,6,0,181510
BRDA:479,6,1,10007
BRDA:482,7,0,2
BRDA:482,7,1,181506
BRDA:482,8,0,181508
BRDA:482,8,1,10013
BRDA:485,9,0,0
BRDA:485,9,1,181506
BRDA:485,10,0,181506
BRDA:485,10,1,10005
BRDA:488,11,0,0
BRDA:488,11,1,181506
BRDA:488,12,0,181506
BRDA:488,12,1,10005
BRDA:491,13,0,0
BRDA:491,13,1,181506
BRDA:491,14,0,181506
BRDA:491,14,1,10005
BRDA:494,15,0,0
BRDA:494,15,1,181506
BRDA:494,16,0,181506
BRDA:494,16,1,10005
BRDA:497,17,0,0
BRDA:497,17,1,181506
BRDA:497,18,0,181506
BRDA:497,18,1,10005
BRDA:500,19,0,0
BRDA:500,19,1,181506
BRDA:500,20,0,181506
BRDA:500,20,1,10005
BRDA:503,21,0,0
BRDA:503,21,1,181506
BRDA:503,22,0,181506
BRDA:503,22,1,10005
BRDA:507,23,0,1
BRDA:507,23,1,181505
BRDA:507,24,0,181506
BRDA:507,24,1,2
BRDA:510,25,0,0
BRDA:510,25,1,181505
BRDA:510,26,0,181505
BRDA:510,26,1,0
BRDA:513,27,0,1
BRDA:513,27,1,181504
BRDA:513,28,0,181505
BRDA:513,28,1,1
BRDA:516,29,0,1
BRDA:516,29,1,181503
BRDA:516,30,0,181504
BRDA:516,30,1,3
BRDA:520,31,0,71432
BRDA:520,31,1,110071
BRDA:520,32,0,181503
BRDA:520,32,1,71435
BRDA:525,33,0,6
BRDA:525,33,1,10022
BRDA:535,34,0,4
BRDA:535,34,1,10018
BRDA:539,35,0,10012
BRDA:539,35,1,6
BRDA:574,36,0,10005
BRDA:574,36,1,10005
BRDA:574,36,2,10005
BRDA:588,37,0,0
BRDA:588,37,1,10022
BRDA:597,38,0,2
BRDA:597,38,1,10020
BRDA:597,39,0,10022
BRDA:597,39,1,10020
BRDA:599,40,0,2
BRDA:599,40,1,0
BRDA:615,41,0,1
BRDA:615,41,1,10019
BRDA:615,42,0,10020
BRDA:615,42,1,10019
BRDA:626,43,0,1
BRDA:626,43,1,10018
BRDA:626,44,0,10019
BRDA:626,44,1,1
BRDA:635,45,0,0
BRDA:635,45,1,10018
BRDA:635,46,0,10018
BRDA:635,46,1,0
BRDA:635,46,2,0
BRDA:635,46,3,0
BRDA:644,47,0,0
BRDA:644,47,1,10018
BRDA:644,48,0,10018
BRDA:644,48,1,0
BRDA:644,48,2,0
BRDA:644,48,3,0
BRDA:653,49,0,0
BRDA:653,49,1,10018
BRDA:653,50,0,10018
BRDA:653,50,1,0
BRDA:653,50,2,0
BRDA:653,50,3,0
BRDA:662,51,0,0
BRDA:662,51,1,10018
BRDA:662,52,0,10018
BRDA:662,52,1,0
BRDA:662,52,2,0
BRDA:662,52,3,0
BRDA:671,53,0,0
BRDA:671,53,1,10018
BRDA:671,54,0,10018
BRDA:671,54,1,10018
BRDA:671,54,2,10018
BRDA:681,55,0,0
BRDA:681,55,1,10018
BRDA:681,56,0,10018
BRDA:681,56,1,10018
BRDA:681,56,2,10018
BRDA:691,57,0,0
BRDA:691,57,1,10018
BRDA:691,58,0,10018
BRDA:691,58,1,0
BRDA:702,59,0,0
BRDA:702,59,1,2
BRDA:707,60,0,2
BRDA:707,60,1,0
BRDA:710,61,0,0
BRDA:710,61,1,0
BRDA:716,62,0,3
BRDA:716,62,1,906
BRDA:719,63,0,2
BRDA:719,63,1,904
BRDA:719,64,0,906
BRDA:719,64,1,2
BRDA:719,64,2,2
BRDA:722,65,0,898
BRDA:722,65,1,6
BRDA:722,66,0,904
BRDA:722,66,1,898
BRDA:725,67,0,0
BRDA:725,67,1,6
BRDA:725,68,0,6
BRDA:725,68,1,0
BRDA:734,69,0,1919078
BRDA:734,69,1,1878961
BRDA:735,70,0,631631
BRDA:735,70,1,1287447
BRDA:741,71,0,1105933
BRDA:741,71,1,786086
BRDA:754,72,0,10010
BRDA:754,72,1,10011
BRDA:754,72,2,10007
BRDA:754,72,3,10013
BRDA:754,72,4,10005
BRDA:754,72,5,10005
BRDA:754,72,6,10005
BRDA:754,72,7,10005
BRDA:754,72,8,10005
BRDA:754,72,9,10005
BRDA:754,72,10,0
BRDA:757,73,0,10010
BRDA:757,73,1,10007
BRDA:757,73,2,10007
BRDA:760,74,0,10011
BRDA:760,74,1,4
BRDA:760,74,2,3
BRDA:760,74,3,3
BRDA:763,75,0,10007
BRDA:763,75,1,10005
BRDA:763,75,2,10005
BRDA:766,76,0,10013
BRDA:766,76,1,10011
BRDA:766,76,2,10011
BRDA:769,77,0,10005
BRDA:769,77,1,0
BRDA:772,78,0,10005
BRDA:772,78,1,0
BRDA:772,78,2,0
BRDA:775,79,0,10005
BRDA:775,79,1,0
BRDA:778,80,0,10005
BRDA:778,80,1,0
BRDA:778,80,2,0
BRDA:781,81,0,10005
BRDA:781,81,1,0
BRDA:781,81,2,0
BRDA:784,82,0,10005
BRDA:784,82,1,0
BRDA:784,82,2,0
BRDA:801,83,0,2
BRDA:801,83,1,2
BRDA:801,83,2,1
BRDA:801,83,3,3
BRDA:801,83,4,0
BRDA:805,84,0,2
BRDA:805,84,1,1
BRDA:805,84,2,1
BRDA:808,85,0,1
BRDA:808,85,1,0
BRDA:808,85,2,0
BRDA:811,86,0,3
BRDA:811,86,1,2
BRDA:811,86,2,2
BRDA:825,87,0,0
BRDA:825,87,1,10018
BRDA:834,88,0,64409
BRDA:834,88,1,912
BRDA:834,89,0,65321
BRDA:834,89,1,65314
BRDA:834,89,2,913
BRDA:834,89,3,913
BRDA:834,89,4,912
BRDA:839,90,0,3
BRDA:839,90,1,909
BRDA:843,91,0,900
BRDA:843,91,1,9
BRDA:844,92,0,0
BRDA:844,92,1,900
BRDA:850,93,0,2
BRDA:850,93,1,1795
BRDA:855,94,0,898
BRDA:855,94,1,2
BRDA:878,95,0,131
BRDA:878,95,1,29
BRDA:878,96,0,160
BRDA:878,96,1,132
BRF:233
BRH:180
end_of_record
TN:
SF:src/utils/logger.ts
FN:2,(anonymous_0)
FN:11,(anonymous_1)
FN:13,(anonymous_2)
FN:20,(anonymous_3)
FN:26,(anonymous_4)
FN:30,(anonymous_5)
FN:34,(anonymous_6)
FN:38,(anonymous_7)
FN:43,(anonymous_8)
FN:49,(anonymous_9)
FN:53,(anonymous_10)
FN:59,(anonymous_11)
FNF:12
FNH:6
FNDA:2,(anonymous_0)
FNDA:0,(anonymous_1)
FNDA:2,(anonymous_2)
FNDA:2,(anonymous_3)
FNDA:4,(anonymous_4)
FNDA:0,(anonymous_5)
FNDA:2,(anonymous_6)
FNDA:0,(anonymous_7)
FNDA:0,(anonymous_8)
FNDA:0,(anonymous_9)
FNDA:2,(anonymous_10)
FNDA:0,(anonymous_11)
DA:2,2
DA:3,2
DA:5,2
DA:6,2
DA:7,2
DA:8,2
DA:9,2
DA:10,2
DA:11,2
DA:12,2
DA:13,2
DA:14,2
DA:15,2
DA:16,2
DA:18,0
DA:20,2
DA:21,2
DA:22,2
DA:24,0
DA:26,2
DA:27,4
DA:28,0
DA:30,4
DA:34,2
DA:35,2
DA:36,2
DA:38,0
DA:43,2
DA:44,0
DA:45,0
DA:47,0
DA:49,2
DA:50,0
DA:51,0
DA:53,2
DA:54,2
DA:55,0
DA:59,2
DA:60,0
DA:61,0
DA:62,0
DA:68,0
DA:69,0
DA:74,0
DA:77,2
DA:92,2
LF:46
LH:30
BRDA:2,0,0,2
BRDA:2,0,1,2
BRDA:2,0,2,2
BRDA:3,1,0,0
BRDA:3,1,1,2
BRDA:3,2,0,2
BRDA:3,2,1,2
BRDA:15,3,0,2
BRDA:15,3,1,0
BRDA:18,4,0,0
BRDA:18,4,1,0
BRDA:21,5,0,2
BRDA:21,5,1,0
BRDA:27,6,0,0
BRDA:27,6,1,4
BRDA:35,7,0,2
BRDA:35,7,1,0
BRDA:44,8,0,0
BRDA:44,8,1,0
BRDA:50,9,0,0
BRDA:50,9,1,0
BRDA:51,10,0,0
BRDA:51,10,1,0
BRDA:54,11,0,0
BRDA:54,11,1,2
BRDA:60,12,0,0
BRDA:60,12,1,0
BRDA:60,13,0,0
BRDA:60,13,1,0
BRDA:61,14,0,0
BRDA:61,14,1,0
BRDA:68,15,0,0
BRDA:68,15,1,0
BRDA:68,16,0,0
BRDA:68,16,1,0
BRDA:79,17,0,0
BRDA:79,17,1,2
BRDA:84,18,0,0
BRDA:84,18,1,2
BRF:39
BRH:13
end_of_record
TN:
SF:src/utils/mcp-clients.ts
FN:11,mcp__gpt_5__deep_analysis
FN:49,mcp__gemini_cli__ask_gemini
FN:84,testMCPAvailability
FNF:3
FNH:0
FNDA:0,mcp__gpt_5__deep_analysis
FNDA:0,mcp__gemini_cli__ask_gemini
FNDA:0,testMCPAvailability
DA:6,1
DA:7,1
DA:12,0
DA:16,0
DA:18,0
DA:19,0
DA:20,0
DA:21,0
DA:23,0
DA:24,0
DA:25,0
DA:26,0
DA:28,0
DA:29,0
DA:30,0
DA:31,0
DA:33,0
DA:42,0
DA:45,1
DA:50,0
DA:53,0
DA:55,0
DA:56,0
DA:57,0
DA:59,0
DA:60,0
DA:61,0
DA:62,0
DA:64,0
DA:65,0
DA:66,0
DA:67,0
DA:69,0
DA:77,0
DA:80,1
DA:85,0
DA:86,0
DA:89,0
DA:92,0
DA:99,0
DA:107,1
LF:41
LH:5
BRDA:23,0,0,0
BRDA:23,0,1,0
BRDA:23,1,0,0
BRDA:23,1,1,0
BRDA:28,2,0,0
BRDA:28,2,1,0
BRDA:28,3,0,0
BRDA:28,3,1,0
BRDA:42,4,0,0
BRDA:42,4,1,0
BRDA:59,5,0,0
BRDA:59,5,1,0
BRDA:59,6,0,0
BRDA:59,6,1,0
BRDA:64,7,0,0
BRDA:64,7,1,0
BRDA:64,8,0,0
BRDA:64,8,1,0
BRDA:77,9,0,0
BRDA:77,9,1,0
BRDA:95,10,0,0
BRDA:95,10,1,0
BRDA:103,11,0,0
BRDA:103,11,1,0
BRF:24
BRH:0
end_of_record
TN:
SF:src/utils/migrate-to-redis.ts
FN:2,(anonymous_0)
FN:6,(anonymous_1)
FN:9,(anonymous_2)
FN:13,(anonymous_3)
FN:15,(anonymous_4)
FN:18,(anonymous_5)
FN:25,(anonymous_6)
FN:39,(anonymous_7)
FN:47,(anonymous_8)
FN:51,(anonymous_9)
FN:117,(anonymous_10)
FN:118,(anonymous_11)
FN:119,(anonymous_12)
FN:127,(anonymous_13)
FN:128,(anonymous_14)
FN:129,(anonymous_15)
FN:137,(anonymous_16)
FN:163,(anonymous_17)
FN:196,(anonymous_18)
FN:212,patchArrayFromForMigrationErrors
FN:217,(anonymous_20)
FN:226,(anonymous_21)
FN:250,normalizeError
FN:264,main
FN:296,migrateSQLiteToRedis
FN:374,(anonymous_25)
FN:401,attemptRollback
FN:443,validateMigration
FN:464,cleanupOldData
FN:473,(anonymous_29)
FNF:30
FNH:15
FNDA:115,(anonymous_0)
FNDA:22,(anonymous_1)
FNDA:0,(anonymous_2)
FNDA:2,(anonymous_3)
FNDA:0,(anonymous_4)
FNDA:2,(anonymous_5)
FNDA:1,(anonymous_6)
FNDA:15,(anonymous_7)
FNDA:0,(anonymous_8)
FNDA:0,(anonymous_9)
FNDA:0,(anonymous_10)
FNDA:0,(anonymous_11)
FNDA:0,(anonymous_12)
FNDA:0,(anonymous_13)
FNDA:0,(anonymous_14)
FNDA:0,(anonymous_15)
FNDA:0,(anonymous_16)
FNDA:0,(anonymous_17)
FNDA:0,(anonymous_18)
FNDA:15,patchArrayFromForMigrationErrors
FNDA:68,(anonymous_20)
FNDA:3,(anonymous_21)
FNDA:5,normalizeError
FNDA:0,main
FNDA:8,migrateSQLiteToRedis
FNDA:0,(anonymous_25)
FNDA:2,attemptRollback
FNDA:4,validateMigration
FNDA:4,cleanupOldData
FNDA:1,(anonymous_29)
DA:2,1
DA:3,115
DA:4,115
DA:5,115
DA:6,115
DA:8,115
DA:10,0
DA:11,0
DA:13,1
DA:14,2
DA:16,0
DA:18,1
DA:19,2
DA:20,2
DA:21,115
DA:22,2
DA:23,2
DA:25,1
DA:26,1
DA:28,1
DA:29,1
DA:30,1
DA:31,1
DA:32,1
DA:33,1
DA:34,1
DA:35,1
DA:36,1
DA:38,15
DA:40,15
DA:41,15
DA:48,0
DA:49,0
DA:52,0
DA:53,0
DA:54,0
DA:62,0
DA:63,0
DA:64,0
DA:65,0
DA:66,0
DA:67,0
DA:69,0
DA:70,0
DA:72,0
DA:73,0
DA:74,0
DA:75,0
DA:76,0
DA:77,0
DA:79,0
DA:80,0
DA:81,0
DA:82,0
DA:83,0
DA:84,0
DA:85,0
DA:86,0
DA:87,0
DA:88,0
DA:90,0
DA:96,0
DA:97,0
DA:98,0
DA:101,0
DA:102,0
DA:103,0
DA:104,0
DA:105,0
DA:106,0
DA:109,0
DA:110,0
DA:111,0
DA:114,0
DA:118,0
DA:119,0
DA:120,0
DA:121,0
DA:123,0
DA:128,0
DA:129,0
DA:130,0
DA:131,0
DA:133,0
DA:138,0
DA:147,0
DA:148,0
DA:151,0
DA:156,0
DA:157,0
DA:158,0
DA:161,0
DA:164,0
DA:165,0
DA:166,0
DA:167,0
DA:169,0
DA:170,0
DA:171,0
DA:172,0
DA:173,0
DA:174,0
DA:175,0
DA:176,0
DA:177,0
DA:178,0
DA:181,0
DA:182,0
DA:185,0
DA:186,0
DA:187,0
DA:188,0
DA:189,0
DA:193,0
DA:197,0
DA:198,0
DA:199,0
DA:200,0
DA:203,0
DA:204,0
DA:205,0
DA:207,0
DA:208,0
DA:211,1
DA:213,15
DA:214,14
DA:216,1
DA:217,1
DA:220,68
DA:221,68
DA:222,3
DA:227,3
DA:228,2
DA:229,2
DA:230,2
DA:233,0
DA:235,1
DA:239,68
DA:241,1
DA:244,1
DA:247,1
DA:248,1
DA:251,5
DA:252,5
DA:254,0
DA:255,0
DA:257,0
DA:258,0
DA:261,0
DA:265,0
DA:267,0
DA:268,0
DA:269,0
DA:270,0
DA:271,0
DA:272,0
DA:275,0
DA:276,0
DA:277,0
DA:279,0
DA:280,0
DA:281,0
DA:283,0
DA:284,0
DA:286,0
DA:289,0
DA:290,0
DA:293,1
DA:294,0
DA:297,8
DA:298,8
DA:299,8
DA:300,8
DA:302,8
DA:303,1
DA:311,7
DA:312,2
DA:313,2
DA:314,2
DA:315,2
DA:316,2
DA:319,0
DA:320,0
DA:330,7
DA:331,7
DA:332,7
DA:333,7
DA:334,5
DA:335,4
DA:339,4
DA:349,3
DA:350,3
DA:351,2
DA:352,2
DA:353,2
DA:354,0
DA:357,3
DA:367,0
DA:370,0
DA:373,0
DA:374,0
DA:375,0
DA:376,0
DA:377,0
DA:378,0
DA:379,0
DA:382,0
DA:391,0
DA:400,1
DA:402,2
DA:403,2
DA:404,2
DA:405,2
DA:406,4
DA:408,2
DA:412,0
DA:413,0
DA:415,0
DA:416,0
DA:418,0
DA:422,0
DA:423,0
DA:424,0
DA:427,0
DA:430,0
DA:435,0
DA:436,0
DA:437,0
DA:444,4
DA:445,4
DA:446,4
DA:447,3
DA:455,1
DA:463,1
DA:465,4
DA:472,4
DA:473,1
DA:474,1
DA:476,3
DA:477,5
DA:478,5
DA:479,4
DA:480,3
DA:483,1
DA:487,1
DA:488,1
DA:491,3
DA:493,1
LF:248
LH:101
BRDA:2,0,0,1
BRDA:2,0,1,1
BRDA:2,0,2,1
BRDA:2,1,0,1
BRDA:2,1,1,0
BRDA:3,2,0,115
BRDA:3,2,1,0
BRDA:5,3,0,115
BRDA:5,3,1,0
BRDA:5,4,0,115
BRDA:5,4,1,115
BRDA:5,5,0,0
BRDA:5,5,1,115
BRDA:5,6,0,115
BRDA:5,6,1,0
BRDA:10,7,0,0
BRDA:10,7,1,0
BRDA:13,8,0,1
BRDA:13,8,1,1
BRDA:13,8,2,1
BRDA:13,9,0,1
BRDA:13,9,1,0
BRDA:18,10,0,1
BRDA:18,10,1,1
BRDA:18,10,2,1
BRDA:19,11,0,0
BRDA:19,11,1,2
BRDA:19,12,0,2
BRDA:19,12,1,2
BRDA:21,13,0,2
BRDA:21,13,1,0
BRDA:21,14,0,115
BRDA:21,14,1,0
BRDA:21,15,0,115
BRDA:21,15,1,115
BRDA:25,16,0,1
BRDA:25,16,1,1
BRDA:25,16,2,1
BRDA:26,17,0,0
BRDA:26,17,1,1
BRDA:26,18,0,1
BRDA:26,18,1,1
BRDA:47,19,0,0
BRDA:48,20,0,0
BRDA:48,20,1,0
BRDA:49,21,0,0
BRDA:49,21,1,0
BRDA:51,22,0,0
BRDA:62,23,0,0
BRDA:62,23,1,0
BRDA:73,24,0,0
BRDA:73,24,1,0
BRDA:87,25,0,0
BRDA:87,25,1,0
BRDA:120,26,0,0
BRDA:120,26,1,0
BRDA:130,27,0,0
BRDA:130,27,1,0
BRDA:143,28,0,0
BRDA:143,28,1,0
BRDA:144,29,0,0
BRDA:144,29,1,0
BRDA:147,30,0,0
BRDA:147,30,1,0
BRDA:156,31,0,0
BRDA:156,31,1,0
BRDA:157,32,0,0
BRDA:157,32,1,0
BRDA:165,33,0,0
BRDA:165,33,1,0
BRDA:177,34,0,0
BRDA:177,34,1,0
BRDA:188,35,0,0
BRDA:188,35,1,0
BRDA:198,36,0,0
BRDA:198,36,1,0
BRDA:213,37,0,14
BRDA:213,37,1,1
BRDA:221,38,0,3
BRDA:221,38,1,65
BRDA:227,39,0,2
BRDA:227,39,1,1
BRDA:227,40,0,3
BRDA:227,40,1,3
BRDA:229,41,0,2
BRDA:229,41,1,0
BRDA:251,42,0,5
BRDA:251,42,1,0
BRDA:254,43,0,0
BRDA:254,43,1,0
BRDA:267,44,0,0
BRDA:267,44,1,0
BRDA:270,45,0,0
BRDA:270,45,1,0
BRDA:275,46,0,0
BRDA:275,46,1,0
BRDA:293,47,0,0
BRDA:293,47,1,1
BRDA:296,48,0,4
BRDA:302,49,0,1
BRDA:302,49,1,7
BRDA:311,50,0,2
BRDA:311,50,1,5
BRDA:331,51,0,7
BRDA:331,51,1,0
BRDA:341,52,0,4
BRDA:341,52,1,0
BRDA:350,53,0,2
BRDA:350,53,1,1
BRDA:353,54,0,0
BRDA:353,54,1,2
BRDA:373,55,0,0
BRDA:373,55,1,0
BRDA:375,56,0,0
BRDA:375,56,1,0
BRDA:375,57,0,0
BRDA:375,57,1,0
BRDA:378,58,0,0
BRDA:378,58,1,0
BRDA:401,59,0,0
BRDA:401,60,0,0
BRDA:403,61,0,2
BRDA:403,61,1,0
BRDA:404,62,0,2
BRDA:404,62,1,0
BRDA:404,63,0,2
BRDA:404,63,1,2
BRDA:412,64,0,0
BRDA:412,64,1,0
BRDA:415,65,0,0
BRDA:415,65,1,0
BRDA:423,66,0,0
BRDA:423,66,1,0
BRDA:451,67,0,1
BRDA:451,67,1,2
BRDA:464,68,0,3
BRDA:472,69,0,1
BRDA:472,69,1,3
BRDA:478,70,0,4
BRDA:478,70,1,1
BRF:140
BRH:62
end_of_record
TN:
SF:src/utils/punycode-replacement.ts
FN:21,(anonymous_0)
FN:42,(anonymous_1)
FN:56,(anonymous_2)
FN:72,(anonymous_3)
FN:89,(anonymous_4)
FN:110,(anonymous_5)
FN:117,(anonymous_6)
FN:134,suppressPunycodeWarnings
FNF:8
FNH:7
FNDA:12,(anonymous_0)
FNDA:5,(anonymous_1)
FNDA:3,(anonymous_2)
FNDA:3,(anonymous_3)
FNDA:4,(anonymous_4)
FNDA:3,(anonymous_5)
FNDA:2,(anonymous_6)
FNDA:0,suppressPunycodeWarnings
DA:13,1
DA:14,1
DA:15,1
DA:22,12
DA:23,12
DA:27,3
DA:29,3
DA:30,3
DA:34,0
DA:43,5
DA:45,5
DA:46,5
DA:49,0
DA:57,3
DA:59,3
DA:60,1
DA:62,2
DA:65,0
DA:73,3
DA:74,3
DA:76,3
DA:77,1
DA:79,2
DA:82,0
DA:90,4
DA:91,4
DA:92,4
DA:93,4
DA:94,9
DA:95,9
DA:96,9
DA:98,9
DA:101,0
DA:104,4
DA:111,3
DA:118,2
DA:124,1
DA:129,1
DA:136,0
DA:137,0
DA:139,0
DA:140,0
DA:143,0
DA:145,1
DA:150,1
DA:159,1
LF:46
LH:36
BRDA:30,0,0,3
BRDA:30,0,1,0
BRDA:46,1,0,5
BRDA:46,1,1,0
BRDA:59,2,0,1
BRDA:59,2,1,2
BRDA:76,3,0,1
BRDA:76,3,1,2
BRDA:95,4,0,9
BRDA:95,4,1,0
BRDA:98,5,0,2
BRDA:98,5,1,7
BRDA:136,6,0,0
BRDA:136,6,1,0
BRDA:139,7,0,0
BRDA:139,7,1,0
BRF:16
BRH:9
end_of_record
TN:
SF:src/utils/security.ts
FN:2,(anonymous_0)
FN:6,(anonymous_1)
FN:9,(anonymous_2)
FN:13,(anonymous_3)
FN:15,(anonymous_4)
FN:18,(anonymous_5)
FN:33,stripControlCharacters
FN:46,sanitizeFileName
FN:59,redactSensitiveContent
FNF:9
FNH:7
FNDA:85,(anonymous_0)
FNDA:10,(anonymous_1)
FNDA:0,(anonymous_2)
FNDA:5,(anonymous_3)
FNDA:0,(anonymous_4)
FNDA:5,(anonymous_5)
FNDA:10,stripControlCharacters
FNDA:10,sanitizeFileName
FNDA:8,redactSensitiveContent
DA:2,5
DA:3,85
DA:4,85
DA:5,85
DA:6,85
DA:8,85
DA:10,0
DA:11,0
DA:13,5
DA:14,5
DA:16,0
DA:18,5
DA:19,5
DA:20,5
DA:21,85
DA:22,5
DA:23,5
DA:25,5
DA:26,5
DA:27,5
DA:28,5
DA:29,5
DA:30,5
DA:31,5
DA:32,5
DA:34,10
DA:35,10
DA:36,159
DA:37,159
DA:38,1
DA:41,158
DA:44,10
DA:47,10
DA:48,10
DA:49,10
DA:50,10
DA:51,10
DA:52,10
DA:53,10
DA:54,10
DA:55,10
DA:56,10
DA:58,5
DA:60,8
DA:62,5
LF:45
LH:42
BRDA:2,0,0,5
BRDA:2,0,1,5
BRDA:2,0,2,5
BRDA:2,1,0,5
BRDA:2,1,1,0
BRDA:3,2,0,85
BRDA:3,2,1,0
BRDA:5,3,0,85
BRDA:5,3,1,0
BRDA:5,4,0,85
BRDA:5,4,1,85
BRDA:5,5,0,0
BRDA:5,5,1,85
BRDA:5,6,0,85
BRDA:5,6,1,0
BRDA:10,7,0,0
BRDA:10,7,1,0
BRDA:13,8,0,5
BRDA:13,8,1,5
BRDA:13,8,2,5
BRDA:13,9,0,5
BRDA:13,9,1,0
BRDA:18,10,0,5
BRDA:18,10,1,5
BRDA:18,10,2,5
BRDA:19,11,0,0
BRDA:19,11,1,5
BRDA:19,12,0,5
BRDA:19,12,1,5
BRDA:21,13,0,5
BRDA:21,13,1,0
BRDA:21,14,0,85
BRDA:21,14,1,0
BRDA:21,15,0,85
BRDA:21,15,1,85
BRDA:37,16,0,1
BRDA:37,16,1,158
BRDA:37,17,0,159
BRDA:37,17,1,159
BRDA:37,17,2,158
BRDA:55,18,0,10
BRDA:55,18,1,0
BRF:42
BRH:30
end_of_record
